west0156 0.0781264 0.0818181 0.09316 
olm2000 1.55266 1.88138 1.90989 
tub1000 0.801992 0.951755 0.97739 
gupta3 76.8454 79.37 78.43434 
shyy41 3.94804 4.64627 4.58032 
bbmat 57.7592 62.0269 45.25061 
venkat01 50.8596 61.5517 43.47048 
pkustk05 67.5415 55.5206 48.93369 
cage11 29.5108 37.4218 28.57655 
af_shell4 83.4792 79.2996 69.26308 
af_shell5 83.5177 79.9017 69.28874 
af_shell9 83.4792 79.0837 69.27302 
helm3d01 29.589 30.4728 22.95089 
bmw7st_1 77.645 71.9538 69.99244 
ncvxqp5 23.7123 32.8763 22.65534 
H2O 60.6368 54.4874 46.44218 
internet 20.7896 21.4229 15.36647 
NotreDame_yeast 0.818418 0.941265 1.02195 
patents_main 21.4687 21.0617 16.66232 
pds-50 22.0371 29.0676 20.03400 
pds-100 25.4201 21.6336 18.97108 
fome21 19.9731 28.4632 17.75338 
majorbasis 37.4294 53.9555 38.76975 
nlpkkt240 63.6061 66.9046 65.43649 
2cubes_sphere 40.0825 39.317 38.17320 
bibd_20_10 48.1106 79.4861 67.36001 
GL7d18 24.6182 17.6176 14.97483 
GL7d19 21.6781 16.0155 13.75614 
D6-6 23.0566 25.3874 16.82533 
m133-b3 29.808 39.9516 26.20685 
mk12-b1 0.692525 0.72376 0.69843 
Trec13 42.1072 38.3265 31.74949 
Trec14 79.0821 63.8075 46.19475 
thermomech_dM 29.7737 37.1299 30.08449 
shallow_water2 34.9503 33.0656 22.75663 
mouse_gene 79.5914 59.4953 42.85149 
cit-Patents 15.0177 11.9108 10.31434 
p2p-Gnutella31 17.9973 24.0633 17.24914 
soc-sign-Slashdot090221 21.7466 26.7001 21.15351 
usroads-48 22.8724 30.2236 17.66804 
EternityII_Etilde 39.5773 35.7492 31.08852 
uk-2002 56.3454 67.7597 64.87088 
luxembourg_osm 23.2772 25.1666 18.74762 
netherlands_osm 45.1799 32.4349 33.64285 
t60k 20.865 31.6312 24.00595 
Serena 84.9319 67.9114 73.20162 
Cube_Coup_dt0 79.9152 72.924 74.50176 
NACA0015 27.035 19.2667 18.40254 
ri2010 13.1887 22.5951 17.01423 
wy2010 19.9751 29.5802 18.42498 
vsp_msc10848_300sep_100in_1Kout 43.3191 42.7721 35.75199 