1138_bus 0.789664 0.936317 0.98229 
494_bus 
662_bus 
685_bus 0.61846 0.744318 0.79896 
abb313 0.307871 0.369032 0.40762 
arc130 0.20607 0.228636 0.34660 
ash219 0.10831 0.106171 0.11034 
ash292 0.396822 0.457634 0.56417 
ash331 
ash608 
ash85 
ash958 
bcspwr01 0.0254778 0.0290071 0.06336 
bcspwr02 
bcspwr03 
bcspwr04 0.295543 0.358227 0.41844 
bcspwr05 
bcspwr06 
bcspwr07 0.0549553 0.516614 0.85868 
bcspwr08 0.0617494 1.03185 0.79493 
bcspwr09 
bcspwr10 
bcsstk01 
bcsstk02 
bcsstk03 0.00742075 0.0868746 0.09436 
bcsstk04 0.571852 0.179054 0.73112 
bcsstk05 0.0304578 0.370379 0.35259 
bcsstk06 0.026422 0.482724 1.23076 
bcsstk07 
bcsstk08 
bcsstk09 3.03719 1.13377 3.32584 
bcsstk10 
bcsstk11 
bcsstk12 0.192559 4.127 4.83228 
bcsstk13 0.396545 3.65046 11.24406 
bcsstk14 0.290338 5.03299 7.78561 
bcsstk15 
bcsstk16 1.45566 12.5526 26.25338 
bcsstk17 
bcsstk18 14.1119 9.58226 16.23271 
bcsstk19 0.0403469 0.553702 0.98564 
bcsstk20 
bcsstk21 
bcsstk22 
bcsstk23 
bcsstk24 23.5959 6.9424 19.80132 
bcsstk25 6.59991 15.0852 24.46910 
bcsstk26 0.676744 3.83955 4.16143 
bcsstk27 
bcsstk28 1.05045 9.89216 24.09671 
bcsstk29 
bcsstk30 23.6302 57.2752 27.13911 
bcsstk31 
bcsstk32 
bcsstk33 2.46574 14.5488 21.94838 
bcsstm01 
bcsstm02 0.00656622 0.015149 0.02487 
bcsstm03 
bcsstm04 
bcsstm05 
bcsstm06 
bcsstm07 0.367072 0.479091 1.49957 
bcsstm08 
bcsstm09 0.0121005 0.0958692 0.17342 
bcsstm10 
bcsstm11 0.0111401 0.131001 0.22803 
bcsstm12 0.0970533 1.57078 2.85981 
bcsstm13 0.0768926 1.58103 3.20428 
bcsstm19 
bcsstm20 
bcsstm21 
bcsstm22 
bcsstm23 
bcsstm24 0.386105 0.334533 0.65252 
bcsstm25 0.162561 2.48038 1.86153 
bcsstm26 
bcsstm27 
beacxc 0.21818 1.94457 8.03444 
beaflw 
beause 
blckhole 0.065591 1.25121 2.31136 
bp_0 
bp_1000 0.0188275 0.442355 0.73030 
bp_1200 
bp_1400 
bp_1600 
bp_200 
bp_400 0.173745 0.377458 0.79140 
bp_600 0.027591 0.36175 0.60199 
bp_800 
can_1054 0.0426708 1.26008 1.83458 
can_1072 0.0618594 0.80187 1.86470 
can_144 
can_161 0.155905 0.188496 0.26991 
can_187 
can_229 0.0627208 0.171976 0.39708 
can_24 0.0180889 0.0620359 0.07074 
can_256 
can_268 
can_292 0.224762 0.364771 0.53280 
can_445 
can_61 
can_62 
can_634 
can_715 1.08108 1.16544 1.66557 
can_73 
can_838 1.61535 1.40528 2.35495 
can_96 
curtis54 0.0522923 0.0675789 0.14561 
dwt_1005 
dwt_1007 1.44055 1.57216 2.12641 
dwt_1242 1.75406 1.9225 2.55307 
dwt_162 
dwt_193 0.550565 0.486602 0.87161 
dwt_198 0.24047 0.287435 0.36545 
dwt_209 0.294864 0.328673 0.46001 
dwt_221 
dwt_234 0.162507 0.201974 0.21758 
dwt_245 0.265362 0.321869 0.37387 
dwt_2680 4.12511 4.32514 5.65384 
dwt_307 0.427044 0.464181 0.61023 
dwt_310 
dwt_346 
dwt_361 0.501104 0.546986 0.73235 
dwt_419 
dwt_492 
dwt_503 
dwt_512 0.604239 0.710096 0.88644 
dwt_59 
dwt_592 0.855643 0.935476 1.23622 
dwt_607 
dwt_66 
dwt_72 
dwt_758 
dwt_869 
dwt_87 0.0926734 0.105503 0.13248 
dwt_878 1.24941 1.37199 1.84966 
dwt_918 
dwt_992 2.66608 2.46386 4.16847 
eris1176 
fs_183_1 
fs_183_3 0.188118 0.240379 0.27830 
fs_183_4 0.00868693 0.102335 0.16193 
fs_183_6 0.187777 0.103918 0.20617 
fs_541_1 
fs_541_2 0.0584587 0.390468 0.61401 
fs_541_3 
fs_541_4 
fs_680_1 
fs_680_2 
fs_680_3 
fs_760_1 
fs_760_2 0.292958 0.523394 1.07842 
fs_760_3 0.0314195 1.11762 0.82370 
gemat1 
gemat11 
gemat12 
gent113 0.0387985 0.0599153 0.13969 
gr_30_30 0.0615628 0.579187 1.20048 
gre_1107 
gre_115 0.0821268 0.0429246 0.08095 
gre_185 0.0204791 0.130905 0.15184 
gre_216a 
gre_216b 0.165019 0.0899853 0.16120 
gre_343 
gre_512 0.0214743 0.510939 0.29505 
hor_131 0.767473 0.344378 0.89195 
ibm32 
illc1033 
illc1850 
impcol_a 
impcol_b 
impcol_c 
impcol_d 0.00651811 0.120358 0.21048 
impcol_e 0.00576349 0.185461 0.18930 
jagmesh1 0.0237265 0.528644 0.99969 
jagmesh2 0.0298365 0.575441 0.95975 
jagmesh3 
jagmesh4 0.397805 0.891538 1.67095 
jagmesh5 
jagmesh6 
jagmesh7 0.0586071 0.63211 1.15966 
jagmesh8 
jagmesh9 0.0396467 0.936372 1.30515 
jgl009 0.000244089 0.0106854 0.01441 
jgl011 
jpwh_991 1.0566 0.513477 1.07998 
lns_131 0.00598196 0.128941 0.07659 
lns_3937 0.104509 2.12472 3.58723 
lns_511 0.012759 0.623017 0.39734 
lnsp3937 
lnsp_131 
lnsp_511 
lshp1009 
lshp1270 
lshp1561 0.606309 0.954988 2.06932 
lshp1882 
lshp2233 0.0978783 1.2937 2.25422 
lshp2614 0.0773914 2.24913 2.35522 
lshp3025 0.0841766 1.75581 3.02661 
lshp3466 0.101011 2.93387 3.11950 
lshp_265 0.00768805 0.149602 0.28277 
lshp_406 
lshp_577 
lshp_778 
lund_a 
lund_b 
mahindas 1.30113 0.649258 1.33027 
mbeacxc 1.41387 3.60073 6.83148 
mbeaflw 0.224663 2.08472 8.49771 
mbeause 
mcca 0.0110932 0.412155 0.36993 
mcfe 0.0953128 1.13833 4.07826 
nnc1374 
nnc261 0.00626906 0.14199 0.22385 
nnc666 0.708854 0.336881 0.73976 
nos1 
nos2 0.0464862 0.372826 0.65651 
nos3 0.0637408 1.73237 2.23249 
nos4 
nos5 
nos6 0.0980161 0.586718 0.64482 
nos7 0.261271 0.735169 0.80679 
orani678 2.20597 6.93074 13.24499 
orsirr_1 
orsirr_2 1.03643 1.21493 1.48690 
orsreg_1 
plat1919 
plat362 
plsk1919 
plskz362 terminate called after throwing an instance of 'cusp::not_implemented_exception'
  what():  MatrixMarket I/O does not currently support skew-symmetric matrices
Aborted (core dumped)
0.190286 0.42554 
pores_1 0.0335541 0.138733 0.08070 
pores_2 
pores_3 
psmigr_1 32.8354 27.8263 30.78399 
psmigr_2 
psmigr_3 32.9474 27.754 30.75867 
rgg010 0.0132972 0.0554563 0.03255 
saylr1 
saylr3 0.758903 0.848745 0.90133 
saylr4 3.89114 4.47226 5.01340 
sherman1 
sherman2 3.58367 2.95552 5.58992 
sherman3 
sherman4 0.737217 0.863211 0.89184 
sherman5 3.58596 4.07611 4.74432 
shl_0 0.202047 0.386537 0.40970 
shl_200 
shl_400 
sstmodel 
steam1 
steam2 2.13088 1.71134 3.39579 
steam3 0.153204 0.14221 0.26593 
str_0 0.42212 0.4991 0.63555 
str_200 
str_400 
str_600 
watt_1 
watt_2 
well1033 0.855141 0.972536 1.09477 
well1850 
west0067 
west0132 
west0156 0.0819791 0.0878694 0.07691 
west0167 0.03333 0.0911244 0.09137 
west0381 
west0479 
west0497 
west0655 0.173335 0.491219 0.53424 
west0989 
west1505 
west2021 
will199 0.0395074 0.123974 0.14073 
will57 0.0149039 0.0688688 0.10171 
wm1 0.151024 0.317674 0.60588 
wm2 
wm3 
young1c 0.812133 Sorry, data type 'COMPLEX' is not supported. 
0.99931 
young2c 
young3c 0.790282 0.930461 0.97993 
young4c 0.811921 Sorry, data type 'COMPLEX' is not supported. 
1.00694 
zenios 4.45852 4.52205 6.08788 
onetone1 24.1186 28.325 25.63777 
onetone2 17.4073 35.571 28.74956 
pre2 35.1976 57.2528 55.17149 
twotone 30.3465 43.0877 35.57713 
epb0 1.51872 1.76283 1.85553 
epb1 10.6632 17.4444 16.79302 
epb2 17.9931 30.3002 25.47434 
epb3 21.653 37.7828 24.85116 
af23560 
bfwa398 
bfwa62 0.0835718 0.09376 0.12619 
bfwa782 1.29676 1.32183 1.85931 
bfwb398 
bfwb62 
bfwb782 
bwm200 0.164232 0.188107 0.19813 
bwm2000 1.64369 1.89365 1.90806 
cdde1 0.929329 1.09338 1.16296 
cdde2 0.92903 1.08535 1.15277 
cdde3 
cdde4 0.87101 0.972346 1.05202 
cdde5 0.868196 1.08341 1.14742 
cdde6 
ck104 0.169098 0.188111 0.27003 
ck400 
ck656 0.684879 0.830468 0.96444 
dw1024 
dw256A 0.476283 0.583771 0.60330 
dw256B 0.466433 0.587689 0.62244 
dw4096 
lop163 0.180666 0.213449 0.25001 
mhda416 
mhdb416 0.420696 0.506991 0.58378 
odepa400 
odepb400 0.131553 0.0847891 0.09740 
olm100 0.0755641 0.0941108 0.10652 
olm1000 
olm2000 1.51534 1.37091 0.95820 
olm500 0.134839 0.189018 0.40480 
olm5000 
pde225 0.0056927 0.248561 0.15697 
pde2961 0.0712144 1.30289 2.19903 
pde900 
qc2534 29.5243 Sorry, data type 'COMPLEX' is not supported. 
19.16102 
qc324 0.154275 Sorry, data type 'COMPLEX' is not supported. 
4.19714 
qh882 
rbsa480 
rbsb480 0.192347 0.778338 2.43737 
rdb2048 
rdb5000 5.13159 2.54948 4.60090 
rdb968 
rw136 0.0085749 0.116079 0.07331 
rw496 
rw5151 2.52932 1.77431 2.77600 
tub100 
tub1000 0.675177 0.877609 0.54185 
bcsstk34 
bcsstk35 
bcsstk36 
bcsstk37 13.7782 23.4674 22.24282 
bcsstk38 
bcsstm34 
bcsstm35 
bcsstm36 2.36541 13.55 21.07868 
bcsstm37 1.78954 1.39341 2.24313 
bcsstm38 0.0976975 0.889838 1.53465 
bcsstm39 
crystk01 
crystk02 19.1003 20.6852 22.19701 
crystk03 8.93114 49.9329 32.40433 
crystm01 1.86098 5.70438 13.49704 
crystm02 3.2056 10.9737 23.84645 
crystm03 
ct20stif 7.74959 48.2202 28.59268 
msc00726 3.29415 1.5031 6.17307 
msc01050 0.332016 3.15835 3.77935 
msc01440 
msc04515 13.0901 5.4461 10.67396 
msc10848 
msc23052 5.88266 21.5591 23.11499 
nasa1824 
nasa2910 0.740798 7.50705 18.57538 
nasa4704 
pcrystk02 8.43556 20.6041 23.56221 
pcrystk03 6.67433 27.9496 23.99023 
pct20stif 
pwtk 
circuit_1 0.12427 2.29049 5.38379 
circuit_2 0.118924 1.95732 3.20961 
circuit_3 
circuit_4 
rma10 
coater1 3.07788 1.23583 3.53490 
coater2 15.937 10.4427 22.43570 
thermal 
mplate 4.49334 Sorry, data type 'COMPLEX' is not supported. 
11.54689 
vibrobox 1.47472 10.0913 18.88786 
cavity01 
cavity02 
cavity03 0.534585 0.366315 1.25161 
cavity04 
cavity05 
cavity06 4.96767 1.95369 5.42878 
cavity07 1.042 3.49887 4.71618 
cavity08 0.153974 1.73146 6.28756 
cavity09 
cavity10 
cavity11 
cavity12 3.46661 6.11833 12.35522 
cavity13 
cavity14 
cavity15 
cavity16 
cavity17 
cavity18 
cavity19 
cavity20 
cavity21 
cavity22 
cavity23 14.0695 12.5937 22.11248 
cavity24 
cavity25 19.6353 14.016 23.18854 
cavity26 
ex1 0.681138 0.566761 1.15128 
ex10 
ex10hs 
ex11 
ex12 
ex13 11.4412 7.85053 15.15854 
ex14 10.2028 8.62771 13.48804 
ex15 
ex18 11.1342 11.7612 13.97083 
ex19 
ex2 
ex20 10.2562 7.10718 14.22412 
ex21 2.91436 2.00168 4.87098 
ex22 
ex23 
ex24 7.57537 6.24727 10.60230 
ex25 3.72716 2.58854 5.99536 
ex26 
ex27 
ex28 
ex29 3.97108 4.35959 5.45452 
ex3 
ex31 16.5842 10.7167 20.19751 
ex32 
ex33 
ex35 22.2592 31.8032 30.42245 
ex36 
ex37 9.99314 8.92901 13.32841 
ex4 
ex40 
ex5 
ex6 7.32669 5.11502 9.02715 
ex7 
ex8 0.499128 4.62753 14.54944 
ex9 
big 
nopoly 
pesa 
garon1 
garon2 2.81974 10.6953 18.26071 
goodwin 
rim 3.2274 35.4028 26.16923 
graham1 
b1_ss 0.000179276 0.00324775 0.00437 
b2_ss 
b_dyn 
bayer01 
bayer02 
bayer03 
bayer04 3.23259 13.5213 12.65719 
bayer05 1.48114 2.14035 4.97429 
bayer06 
bayer07 0.239525 2.03833 4.22168 
bayer08 0.157714 4.53177 3.72402 
bayer09 0.110237 1.77733 3.04064 
bayer10 
d_dyn 0.00110806 0.038413 0.06205 
d_dyn1 0.0160474 0.0258943 0.09938 
d_ss 
meg1 
meg4 
poli 0.038873 0.718301 1.24897 
poli_large 0.214764 3.66394 4.19663 
G1 
G10 
G11 0.0148069 0.286484 0.50790 
G12 
G13 0.0168067 0.285999 0.51402 
G14 
G15 
G16 
G17 1.43746 0.639678 1.49202 
G18 0.224739 1.39768 1.33188 
G19 0.0324434 0.71029 1.38371 
G2 0.173187 2.46459 5.53164 
G20 0.0458894 0.599541 1.49005 
G21 0.0385686 0.633258 1.46486 
G22 0.181767 2.22215 5.97044 
G23 
G24 
G25 
G26 0.163401 2.59379 5.50225 
G27 0.163453 5.2381 5.48603 
G28 0.134715 2.2178 5.67772 
G29 
G3 
G30 0.136177 3.08681 5.57117 
G31 
G32 
G33 
G34 0.0319711 0.71033 1.26938 
G35 0.112432 2.5527 3.25702 
G36 0.108897 1.46929 3.70368 
G37 0.112446 2.58119 3.10024 
G38 
G39 0.58512 1.58507 3.78807 
G4 1.66099 1.7289 6.23496 
G40 
G41 0.105424 2.58679 3.13625 
G42 
G43 0.0712551 1.16042 3.34737 
G44 0.0956521 1.53718 2.76976 
G45 
G46 
G47 
G48 0.0832579 2.03391 2.05736 
G49 0.728281 2.05689 2.14106 
G5 
G50 0.412224 1.06439 1.98262 
G51 1.77496 0.750592 2.13586 
G52 1.06648 1.82364 2.91721 
G53 
G54 
G55 
G56 4.15944 4.60397 5.05675 
G57 3.94917 4.4744 4.47116 
G58 5.63572 8.46965 11.08396 
G59 5.63221 8.49303 10.99115 
G6 5.59558 3.72147 8.89776 
G60 5.72124 6.92806 7.05745 
G61 5.72443 6.86039 7.07047 
G62 
G63 
G64 
G65 6.0201 6.89432 6.78049 
G66 
G67 7.4062 8.64792 8.21793 
G7 
G8 5.5448 3.72212 8.83980 
G9 
gupta1 
gupta2 49.728 55.8341 62.52433 
gupta3 79.455 79.4569 78.47300 
add20 2.7772 3.26193 4.00624 
add32 
bcircuit 
hcircuit 16.288 37.4237 25.66234 
memplus 12.2345 21.4748 20.88125 
scircuit 10.9899 26.251 17.43588 
g7jac010 
g7jac010sc 0.0713789 1.64034 3.03308 
g7jac020 
g7jac020sc 
g7jac040 
g7jac040sc 0.707672 7.95768 14.55242 
g7jac050sc 
g7jac060 
g7jac060sc 2.29776 11.8607 18.67822 
g7jac080 
g7jac080sc 
g7jac100 9.95723 16.4211 15.22790 
g7jac100sc 7.84616 24.2829 14.81603 
g7jac120 1.61319 15.6485 14.72462 
g7jac120sc 
g7jac140 
g7jac140sc 
g7jac160 12.3798 28.5929 16.85996 
g7jac160sc 3.94706 17.905 16.36739 
g7jac180 
g7jac180sc 2.86958 19.0531 18.11265 
g7jac200 3.31075 18.0457 18.34199 
g7jac200sc 3.63365 18.4368 18.08390 
jan99jac020 
jan99jac020sc 0.53068 3.24337 5.23899 
jan99jac040 0.582854 6.84549 10.98660 
jan99jac040sc 0.621224 6.16289 10.65459 
jan99jac060 0.986843 9.32142 14.56080 
jan99jac060sc 
jan99jac080 2.54453 12.3092 18.22159 
jan99jac080sc 
jan99jac100 
jan99jac100sc 
jan99jac120 2.54283 17.3767 20.41165 
jan99jac120sc 7.34155 16.3831 16.93229 
mark3jac020 
mark3jac020sc 2.60165 4.5224 8.31163 
mark3jac040 2.39411 8.28638 13.18329 
mark3jac040sc 
mark3jac060 1.39054 13.2422 18.67049 
mark3jac060sc 6.6399 12.9244 18.36438 
mark3jac080 6.45868 15.2144 18.78292 
mark3jac080sc 
mark3jac100 5.78471 24.3825 15.60846 
mark3jac100sc 16.2072 14.6122 15.83684 
mark3jac120 
mark3jac120sc 1.88674 14.4918 15.24761 
mark3jac140 10.2178 15.4868 13.99746 
mark3jac140sc 
lp_25fv47 
lp_80bau3b 
lp_adlittle 0.00210672 0.0538503 0.06370 
lp_afiro 
lp_agg 0.010787 0.379333 0.43258 
lp_agg2 
lp_agg3 0.0196483 0.347455 0.80242 
lp_bandm 0.0107025 0.295119 0.35395 
lp_beaconfd 0.0128345 0.189641 0.57401 
lp_blend 
lp_bnl1 0.259869 0.934427 1.02440 
lp_bnl2 
lp_bore3d 0.0828979 0.291291 0.28587 
lp_brandy 
lp_capri 
lp_cre_a 
lp_cre_b 
lp_cre_c 
lp_cre_d 
lp_cycle 3.41529 3.05729 5.06568 
lp_czprob 
lp_d2q06c 
lp_d6cube 
lp_degen2 0.677863 0.653067 1.01977 
lp_degen3 3.67661 3.61713 5.94652 
lp_dfl001 4.08894 7.05783 7.27550 
lp_e226 0.438496 0.464549 0.72678 
lp_etamacro 0.471578 0.522106 0.64150 
lp_fffff800 
lp_finnis 
lp_fit1d 1.31198 2.43361 4.03093 
lp_fit1p 
lp_fit2d 5.32651 18.7662 27.07835 
lp_fit2p 8.02896 7.33198 10.70302 
lp_ganges 
lp_gfrd_pnc 0.487693 0.562458 0.60698 
lp_greenbea 
lp_greenbeb 
lp_grow15 0.932287 0.776327 1.45906 
lp_grow22 
lp_grow7 0.436171 0.3643 0.71572 
lp_israel 0.38322 0.374764 0.64412 
lp_kb2 
lp_ken_07 1.59192 1.79749 1.92196 
lp_ken_11 
lp_ken_13 
lp_ken_18 
lp_lotfi 
lp_maros 
lp_maros_r7 20.5503 12.8511 22.24784 
lp_modszk1 0.609832 0.691599 0.77481 
lp_osa_07 4.00593 12.0509 23.78854 
lp_osa_14 
lp_osa_30 
lp_osa_60 
lp_pds_02 2.80519 3.3868 3.18198 
lp_pds_06 0.298197 4.87395 8.20285 
lp_pds_10 0.739415 7.66016 11.26643 
lp_pds_20 
lp_perold 0.0473006 0.44942 0.91893 
lp_pilot 0.18251 1.96007 6.77943 
lp_pilot4 0.0251514 0.848973 0.80935 
lp_pilot87 
lp_pilot_ja 
lp_pilot_we 
lp_pilotnov 0.34375 0.931481 2.28574 
lp_qap12 
lp_qap15 2.58489 6.94527 10.82795 
lp_qap8 0.0380875 0.541512 1.15825 
lp_recipe 
lp_sc105 0.00163143 0.0346761 0.05977 
lp_sc205 
lp_sc50a 0.000793679 0.0163959 0.04603 
lp_sc50b 
lp_scagr25 0.0473648 0.155034 0.31626 
lp_scagr7 
lp_scfxm1 
lp_scfxm2 0.0521859 0.427146 0.95790 
lp_scfxm3 0.0420799 1.47897 1.11720 
lp_scorpion 0.00729255 0.150027 0.25959 
lp_scrs8 0.015635 0.413721 0.47213 
lp_scsd1 
lp_scsd6 0.685508 0.215529 0.84782 
lp_scsd8 
lp_sctap1 
lp_sctap2 
lp_sctap3 
lp_share1b 
lp_share2b 0.00436127 0.0648301 0.13800 
lp_shell 0.0156432 0.451011 0.49868 
lp_ship04l 
lp_ship04s 0.016152 0.297883 0.82168 
lp_ship08l 0.0580695 0.736978 2.01934 
lp_ship08s 0.0337633 0.456609 1.17631 
lp_ship12l 
lp_ship12s 0.0392196 0.637516 1.38071 
lp_sierra 
lp_stair 
lp_standata 
lp_standgub 
lp_standmps 
lp_stocfor1 
lp_stocfor2 0.558188 0.890665 1.75375 
lp_stocfor3 
lp_truss 
lp_tuff 0.025972 0.256811 0.76759 
lp_vtp_base 
lp_wood1p 
lp_woodw 0.14005 1.4779 5.88024 
lpi_bgdbg1 
lpi_bgetam 0.0137029 0.234535 0.38932 
lpi_bgindy 
lpi_bgprtr 
lpi_box1 
lpi_ceria3d 
lpi_chemcom 0.304766 0.139965 0.24065 
lpi_cplex1 0.323045 1.02267 2.03702 
lpi_cplex2 0.00980165 0.104324 0.21118 
lpi_ex72a 0.0028536 0.0472989 0.07610 
lpi_ex73a 0.00293098 0.0624452 0.07359 
lpi_forest6 
lpi_galenet 
lpi_gosh 
lpi_gran 
lpi_greenbea 1.20398 2.10828 5.66949 
lpi_itest2 
lpi_itest6 
lpi_klein1 0.00370002 0.113467 0.11331 
lpi_klein2 0.846226 0.445646 0.95171 
lpi_klein3 0.149448 0.845563 2.16706 
lpi_mondou2 0.00670175 0.16401 0.16988 
lpi_pang 
lpi_pilot4i 0.756693 0.372451 0.97024 
lpi_qual 
lpi_reactor 0.138964 0.384175 0.52113 
lpi_refinery 
lpi_vol1 0.108186 0.366728 0.29189 
lpi_woodinfe 
li 
pli 23.6317 45.1982 43.57422 
lhr01 
lhr02 5.95092 5.38148 7.96360 
lhr04 12.3273 10.3879 15.73650 
lhr04c 
lhr07 
lhr07c 
lhr10 
lhr10c 22.3603 27.37 31.61909 
lhr11 22.5993 27.7282 31.61925 
lhr11c 
lhr14 28.6147 23.6577 35.67765 
lhr14c 
lhr17 
lhr17c 34.5934 26.1659 32.58544 
lhr34 31.449 43.8655 36.45700 
lhr34c 31.341 43.878 36.46162 
lhr71 40.3034 57.7782 42.81414 
lhr71c 40.3182 57.8301 42.82618 
finan512 25.9486 43.5855 29.31711 
pfinan512 25.8413 43.6542 29.55830 
barth 4.96253 5.71819 5.61590 
barth4 
barth5 10.6618 12.7726 11.79394 
nasa1824 
nasa2146 10.8831 7.23921 14.85943 
nasa2910 10.2976 8.03142 21.23058 
nasa4704 
nasasrb 
pwt 1.36877 15.634 18.16947 
shuttle_eddy 
skirt 13.5036 14.1495 18.76153 
nemeth01 
nemeth02 4.56764 9.9096 22.70413 
nemeth03 7.69689 19.273 19.66146 
nemeth04 3.73523 9.92775 22.18920 
nemeth05 
nemeth06 
nemeth07 
nemeth08 12.5949 9.32463 19.36080 
nemeth09 2.71912 10.1892 22.62639 
nemeth10 10.7358 17.1927 18.40042 
nemeth11 3.94097 10.5906 19.36897 
nemeth12 3.82134 17.9584 18.91490 
nemeth13 
nemeth14 
nemeth15 22.9822 13.2449 19.30157 
nemeth16 
nemeth17 2.7375 15.0157 20.44874 
nemeth18 3.72319 16.4659 21.58636 
nemeth19 5.73495 19.0356 21.06972 
nemeth20 18.4479 22.9543 23.23085 
nemeth21 18.0997 39.5294 30.53634 
nemeth22 
nemeth23 6.13836 29.2302 29.10930 
nemeth24 
nemeth25 4.58847 50.6967 30.00115 
nemeth26 
aft01 0.592722 11.3198 13.23846 
aft02 
lp_nug05 
lp_nug06 
lp_nug07 
lp_nug08 0.403759 0.572564 1.43512 
lp_nug12 0.209409 6.25229 4.63333 
lp_nug15 0.343441 13.5332 10.02561 
lp_nug20 
lp_nug30 4.49683 25.7194 17.05453 
xenon1 
xenon2 9.97766 27.9247 29.77210 
3dtube 
cfd1 5.50488 45.7675 28.53202 
cfd2 7.77653 37.8018 28.20611 
gearbox 24.1476 52.2938 55.57595 
struct3 
struct4 1.38992 18.6019 21.44975 
shyy161 
shyy41 3.70435 4.26933 3.31324 
appu 24.1795 34.8659 24.85948 
bbmat 58.2144 61.6004 45.36672 
olafu 
raefsky1 
raefsky2 26.7888 25.1843 34.98072 
raefsky3 
raefsky4 
raefsky5 
raefsky6 
venkat01 50.4725 61.3786 43.40578 
venkat25 
venkat50 
utm1700b 3.45192 3.59964 5.10878 
utm300 0.541826 0.570394 0.82014 
utm3060 
utm5940 12.6757 12.8028 15.80927 
av41092 32.4128 44.3422 42.64605 
swang1 
swang2 3.72138 4.06715 4.82919 
wang1 3.50812 3.80607 4.34165 
wang2 3.49811 3.80793 4.46246 
wang3 
wang4 18.2283 30.794 25.99514 
Zhao1 
Zhao2 
extr1 2.21354 2.62823 2.64004 
hydr1 
radfr1 2.15926 2.24629 3.11230 
rdist1 14.268 11.5792 17.71208 
rdist2 8.7166 7.98003 12.05940 
rdist3a 9.24288 7.01681 11.44177 
k3plates 9.36997 9.46485 21.14840 
m3plates 0.947842 0.599524 1.11328 
qa8fk 
qa8fm 6.79081 42.6501 28.79761 
bcsstk39 8.70441 60.7535 28.15109 
pkustk01 
pkustk02 
pkustk03 
pkustk04 
pkustk05 35.2323 25.2771 25.11887 
pkustk06 
pkustk07 
pkustk08 
pkustk09 8.31891 26.6839 22.57700 
pkustk10 11.7456 45.32 46.29481 
pkustk11 
pkustk12 
pkustk13 
pkustk14 24.6353 38.2519 58.00167 
pivtol 
kim1 
kim2 24.3816 Sorry, data type 'COMPLEX' is not supported. 
30.90400 
comsol 0.327947 4.15148 12.09218 
barth 0.130056 5.71386 3.18829 
barth4 
barth5 7.19453 5.57195 8.08943 
bodyy4 2.97954 10.9073 12.96020 
bodyy5 0.668223 22.7597 13.35247 
bodyy6 0.840007 16.8677 13.30991 
commanche_dual 0.184185 6.81419 3.80329 
mesh1e1 
mesh1em1 0.056712 0.0267889 0.12683 
mesh1em6 
mesh2e1 0.0107738 0.415859 0.25854 
mesh2em5 0.0673223 0.182007 0.41601 
mesh3e1 0.0102594 0.393573 0.24889 
mesh3em5 0.111971 0.160785 0.38731 
onera_dual 4.67904 16.3259 13.95075 
pwt 1.13682 15.8162 18.29724 
shuttle_eddy 
skirt 7.01855 27.1685 17.79168 
sphere2 
sphere3 0.0102305 0.380214 0.24292 
tandem_dual 1.72133 16.3456 14.39045 
tandem_vtx 
fv1 
fv2 
fv3 
heart1 22.7242 42.2813 29.92253 
heart2 
heart3 
lung1 0.229883 1.73333 1.42143 
lung2 
stomach 
torso1 
torso2 15.1378 36.5336 24.44709 
torso3 
e40r0100 
shermanACa 1.19085 4.05738 5.46444 
shermanACb 2.22046 20.1737 21.72250 
shermanACd 1.4711 8.4103 10.78375 
landmark 
cage3 0.00366355 0.0147112 0.00977 
cage4 
cage5 0.0411804 0.051153 0.10688 
cage6 
cage7 
cage8 
cage9 6.69544 6.3307 8.97264 
cage10 
cage11 29.5385 37.6569 28.51208 
cage12 
cage13 54.605 52.15 59.34928 
cage14 25.4789 27.5914 38.72498 
cage15 
fd12 0.305471 2.76425 3.58687 
fd15 7.0515 4.0245 6.45096 
fd18 
sinc12 28.0484 12.6876 21.97298 
sinc15 
sinc18 
Alemdar 
Andrews 
ns3Da 
poisson2D 
poisson3Da 8.86051 9.30699 14.62802 
poisson3Db 6.10855 24.8849 19.46506 
problem1 
sme3Da 
sme3Db 13.112 19.2724 23.30715 
sme3Dc 
waveguide3D 6.39871 Sorry, data type 'COMPLEX' is not supported. 
15.69385 
cell1 
cell2 
nd3k 
nd6k 
nd12k 52.1759 38.8177 60.32375 
nd24k 41.6877 46.7502 42.44101 
af_shell1 
af_shell2 
af_shell3 
af_shell4 84.7517 79.3148 69.16710 
af_shell5 84.5713 79.6661 69.20945 
af_shell6 
af_shell7 
af_shell8 
af_shell9 84.1089 79.6681 69.21425 
c-62 7.90549 35.5125 27.34519 
c-64 
c-66 1.40118 15.6471 15.96805 
c-67 2.58638 17.5958 16.63151 
c-73 1.52744 32.954 21.94094 
2D_27628_bjtcai 
2D_54019_highK 
3D_28984_Tetra 1.90007 17.8221 20.72766 
3D_51448_3D 5.24759 39.7915 24.05060 
ibm_matrix_2 
matrix_9 5.22688 23.6964 26.41792 
matrix-new_3 5.56711 37.7516 33.90075 
barrier2-10 7.10083 31.7605 41.13748 
barrier2-11 10.9921 19.3353 29.08744 
barrier2-12 
barrier2-1 
barrier2-2 
barrier2-3 7.58299 18.8517 26.20257 
barrier2-4 
barrier2-9 7.67603 19.5318 27.86494 
igbt3 
nmos3 3.38116 12.1962 17.44522 
ohne2 
para-10 
para-4 
para-5 
para-6 
para-7 13.8993 23.984 32.80579 
para-8 
para-9 10.3847 40.1323 40.64955 
Stanford 2.46221 15.2497 15.24670 
Stanford_Berkeley 
graphics 
language 
ecl32 
adder_dcop_01 
adder_dcop_02 
adder_dcop_03 0.0506476 2.25226 1.36714 
adder_dcop_04 
adder_dcop_05 0.774143 0.884472 2.10948 
adder_dcop_06 0.0617481 2.18215 1.43311 
adder_dcop_07 0.788446 0.931476 1.96097 
adder_dcop_08 
adder_dcop_09 
adder_dcop_10 
adder_dcop_11 0.324184 1.61706 1.90740 
adder_dcop_12 
adder_dcop_13 
adder_dcop_14 
adder_dcop_15 0.320706 1.56139 2.09238 
adder_dcop_16 0.367548 2.06559 1.94238 
adder_dcop_17 
adder_dcop_18 0.83025 1.78797 2.55445 
adder_dcop_19 
adder_dcop_20 0.830224 2.07166 2.60219 
adder_dcop_21 0.830275 2.06033 2.66206 
adder_dcop_22 0.829696 2.06118 2.66221 
adder_dcop_23 0.830069 2.08458 2.66085 
adder_dcop_24 
adder_dcop_25 0.829831 2.06703 2.66379 
adder_dcop_26 
adder_dcop_27 
adder_dcop_28 
adder_dcop_29 0.829644 2.07177 2.66321 
adder_dcop_30 
adder_dcop_31 
adder_dcop_32 0.830327 2.06395 2.63583 
adder_dcop_33 
adder_dcop_34 0.828905 2.05894 2.65625 
adder_dcop_35 
adder_dcop_36 0.830121 2.05746 2.65980 
adder_dcop_37 
adder_dcop_38 0.828931 2.05758 2.66005 
adder_dcop_39 0.829825 2.05812 2.65830 
adder_dcop_40 0.82877 2.06021 2.64273 
adder_dcop_41 0.828796 2.04428 2.63693 
adder_dcop_42 0.828719 2.07053 2.64822 
adder_dcop_43 
adder_dcop_44 0.830818 1.86565 2.55280 
adder_dcop_45 0.829728 2.0608 2.63010 
adder_dcop_46 
adder_dcop_47 0.829696 2.05931 2.65955 
adder_dcop_48 0.830727 2.07384 2.64133 
adder_dcop_49 
adder_dcop_50 0.830327 2.07067 2.66266 
adder_dcop_51 
adder_dcop_52 0.269219 0.838284 1.77772 
adder_dcop_53 
adder_dcop_54 
adder_dcop_55 0.0514228 1.64692 1.31581 
adder_dcop_56 0.255788 0.840229 2.01730 
adder_dcop_57 
adder_dcop_58 
adder_dcop_59 0.0615158 2.06446 1.44637 
adder_dcop_60 
adder_dcop_61 
adder_dcop_62 0.193785 0.876304 2.12408 
adder_dcop_63 0.0735283 0.902426 1.54881 
adder_dcop_64 
adder_dcop_65 
adder_dcop_66 
adder_dcop_67 0.0400663 0.835702 1.70087 
adder_dcop_68 0.0555233 0.83758 1.65388 
adder_dcop_69 
adder_trans_01 
adder_trans_02 
fpga_dcop_01 
fpga_dcop_02 
fpga_dcop_03 
fpga_dcop_04 0.38307 0.54805 1.12526 
fpga_dcop_05 0.0406804 0.517637 0.89248 
fpga_dcop_06 
fpga_dcop_07 0.0256109 1.32986 0.79241 
fpga_dcop_08 0.957174 0.568674 1.05159 
fpga_dcop_09 0.0918779 0.623594 0.83764 
fpga_dcop_10 0.0269601 0.870175 0.77002 
fpga_dcop_11 
fpga_dcop_12 
fpga_dcop_13 0.167764 0.530595 1.09158 
fpga_dcop_14 0.0561916 0.787106 0.79690 
fpga_dcop_15 0.0245488 1.35402 0.87316 
fpga_dcop_16 0.0305312 0.525994 0.94035 
fpga_dcop_17 
fpga_dcop_18 
fpga_dcop_19 
fpga_dcop_20 1.05315 0.522828 1.04660 
fpga_dcop_21 
fpga_dcop_22 
fpga_dcop_23 0.0639654 1.35422 0.83268 
fpga_dcop_24 0.0264117 0.524496 0.85115 
fpga_dcop_25 
fpga_dcop_26 
fpga_dcop_27 0.0244761 1.34584 0.77869 
fpga_dcop_28 0.0230817 0.522232 0.90965 
fpga_dcop_29 
fpga_dcop_30 
fpga_dcop_31 0.0240904 1.34878 0.79358 
fpga_dcop_32 0.0256131 0.525007 0.92208 
fpga_dcop_33 
fpga_dcop_34 0.0294264 1.30247 0.76783 
fpga_dcop_35 1.06667 0.646294 1.02784 
fpga_dcop_36 0.120272 0.529415 0.87714 
fpga_dcop_37 0.0264343 0.879926 0.79594 
fpga_dcop_38 
fpga_dcop_39 0.686649 0.877066 1.03519 
fpga_dcop_40 0.142368 0.52473 0.88085 
fpga_dcop_41 
fpga_dcop_42 
fpga_dcop_43 
fpga_dcop_44 
fpga_dcop_45 0.347988 0.556112 1.10003 
fpga_dcop_46 
fpga_dcop_47 
fpga_dcop_48 0.0559848 1.31221 0.83864 
fpga_dcop_49 
fpga_dcop_50 
fpga_dcop_51 0.0228986 0.523783 0.93643 
fpga_trans_01 0.035873 1.02117 1.08313 
fpga_trans_02 0.0375777 0.619223 1.17929 
init_adder1 
mult_dcop_01 0.532486 19.2019 12.92678 
mult_dcop_02 0.503998 18.7656 14.81195 
mult_dcop_03 0.712841 17.8325 17.32281 
oscil_dcop_01 0.314379 0.227034 0.28545 
oscil_dcop_02 0.0495252 0.270347 0.30903 
oscil_dcop_03 
oscil_dcop_04 
oscil_dcop_05 
oscil_dcop_06 
oscil_dcop_07 0.292683 0.327022 0.37584 
oscil_dcop_08 
oscil_dcop_09 0.314232 0.362164 0.38457 
oscil_dcop_10 
oscil_dcop_11 0.298545 0.361076 0.38554 
oscil_dcop_12 0.301327 0.363731 0.38537 
oscil_dcop_13 0.298254 0.365169 0.37181 
oscil_dcop_14 
oscil_dcop_15 0.298821 0.359555 0.38375 
oscil_dcop_16 0.298816 0.359883 0.38264 
oscil_dcop_17 
oscil_dcop_18 0.30158 0.359922 0.38675 
oscil_dcop_19 
oscil_dcop_20 
oscil_dcop_21 
oscil_dcop_22 
oscil_dcop_23 0.298617 0.361587 0.38695 
oscil_dcop_24 0.299275 0.360145 0.38363 
oscil_dcop_25 0.299158 0.328667 0.38611 
oscil_dcop_26 
oscil_dcop_27 0.297332 0.361077 0.38333 
oscil_dcop_28 
oscil_dcop_29 
oscil_dcop_30 
oscil_dcop_31 
oscil_dcop_32 
oscil_dcop_33 0.300297 0.361458 0.38410 
oscil_dcop_34 
oscil_dcop_35 0.299724 0.327985 0.37719 
oscil_dcop_36 0.298545 0.360279 0.37769 
oscil_dcop_37 
oscil_dcop_38 
oscil_dcop_39 0.297535 0.246531 0.38610 
oscil_dcop_40 
oscil_dcop_41 
oscil_dcop_42 0.298727 0.360556 0.38426 
oscil_dcop_43 0.297491 0.360768 0.38389 
oscil_dcop_44 0.106934 0.137893 0.24703 
oscil_dcop_45 0.00810255 0.138582 0.23094 
oscil_dcop_46 0.00797713 0.36143 0.21392 
oscil_dcop_47 0.00708693 0.138119 0.24287 
oscil_dcop_48 0.00717651 0.20777 0.21337 
oscil_dcop_49 0.00742756 0.138717 0.24266 
oscil_dcop_50 
oscil_dcop_51 0.307404 0.138737 0.28106 
oscil_dcop_52 
oscil_dcop_53 
oscil_dcop_54 0.0201195 0.361626 0.22417 
oscil_dcop_55 0.00873494 0.138051 0.25089 
oscil_dcop_56 0.00745665 0.359846 0.21041 
oscil_dcop_57 0.00657452 0.138847 0.23379 
oscil_trans_01 0.00785484 0.360421 0.21942 
Pd 
Pd_rhs 2.17323 0.53433 1.00319 
Harvard500 0.0500647 0.230051 0.41529 
cegb2802 
cegb2919 
cegb3024 
cegb3306 0.253608 6.95276 8.80980 
lap_25 0.000732576 0.0360936 0.04894 
lock1074 
lock2232 
lock3491 23.2056 6.39915 14.65641 
lock_700 
man_5976 
coupled 1.49124 7.21476 10.87533 
Pres_Poisson 
rajat01 1.21769 3.70426 6.53037 
rajat02 0.0712895 2.34769 1.60186 
rajat03 0.162623 2.83885 4.70785 
rajat04 0.0470842 1.69927 1.41299 
rajat05 
rajat06 
rajat07 
rajat08 
rajat09 
rajat10 
rajat11 0.00425977 0.106935 0.12023 
rajat12 
rajat13 0.160313 3.55098 6.99113 
rajat14 
Hamrle1 0.000634217 0.0207375 0.02907 
Hamrle2 0.0982749 1.95855 3.15065 
Hamrle3 
gyro_k 
gyro_m 2.05357 12.2634 18.25751 
t2dah_a 
t2dah_e 
t2dal_a 2.94669 2.90304 6.64400 
t2dal_e 0.0477531 0.377646 0.63434 
t3dh_a 11.4825 37.9026 36.40240 
t3dh_e 
t3dl_a 
t3dl_e 
powersim 0.345767 6.1954 9.27780 
Lin 10.1668 39.1618 24.10459 
sts4098 
aug2d 4.41229 6.99692 10.90861 
aug2dc 0.804956 6.90863 9.27429 
aug3d 
aug3dcqp 0.757271 11.6885 13.27567 
bmw3_2 
c-55 3.67087 13.7595 17.11331 
c-58 
c-59 5.0912 24.0455 19.32326 
c-62ghs 4.20899 26.8925 20.19550 
c-63 6.25479 31.0046 25.59580 
c-68 
c-69 
c-70 
c-71 
c-72 8.75839 33.5964 29.92264 
copter2 
d_pretok 
darcy003 
dawson5 
dtoc 
exdata_1 
helm2d03 34.846 49.8428 45.42811 
helm3d01 29.5329 30.5152 23.02494 
k1_san 24.4595 41.5958 28.31771 
laser 
mario001 16.0708 32.5585 26.42079 
mario002 
ncvxqp1 8.54709 13.3609 13.81627 
ncvxqp9 9.97148 11.2342 10.51290 
olesnik0 27.3779 39.9669 31.31012 
sit100 9.59598 12.0973 11.96374 
stokes128 28.428 37.3723 29.55041 
stokes64 14.7719 20.0941 21.89249 
stokes64s 14.7186 20.036 21.89277 
tuma1 
tuma2 
turon_m 
audikw_1 67.0298 67.5076 76.91891 
bmw7st_1 78.2528 71.8846 70.01506 
bmwcra_1 
copter1 
copter2 
crankseg_1 90.1824 62.9006 75.58034 
crankseg_2 32.7222 33.4024 54.98454 
crplat2 
fcondp2 
finance256 
ford1 
ford2 3.7321 17.9727 15.53441 
fullb 25.0365 35.0753 37.02168 
halfb 
hood 21.154 34.6385 52.97200 
inline_1 
ldoor 
m_t1 
oilpan 
opt1 
pds10 
pwt 1.67251 14.1644 18.30749 
ramage02 
s3dkq4m2 
s3dkt3m2 9.49815 32.0958 39.53166 
ship_001 
ship_003 
shipsec1 18.3679 32.4233 53.95823 
shipsec5 
shipsec8 41.1549 31.5039 32.52497 
srb1 
thread 
trdheim 
troll 24.9308 35.619 38.86722 
tsyl201 12.4718 27.6424 28.86594 
vanbody 
wathen100 6.11601 16.5815 16.97478 
wathen120 4.31901 18.8901 17.58682 
x104 20.046 48.3853 53.25803 
a0nsdsil 1.84308 27.2808 14.05432 
a2nnsnsl 
a5esindl 
blockqp1 0.739116 30.1117 18.05589 
bloweya 
boyd1 
boyd2 0.614762 29.0601 20.41837 
brainpc2 1.17975 17.7744 20.68252 
bratu3d 
cont-201 
cont-300 
dixmaanl 22.567 30.5282 25.57640 
linverse 
ncvxbqp1 
ncvxqp3 
ncvxqp5 23.7019 33.7168 22.60536 
ncvxqp7 21.8591 32.4131 25.86870 
sparsine 
spmsrtls 23.0342 38.4929 29.71850 
cvxbqp1 
gridgena 
jnlbrng1 
minsurfo 
obstclae 20.2297 34.1316 26.91081 
torsion1 
rajat15 
mri1 
mri2 
airfoil_2d 
dc1 0.651956 36.1454 30.93671 
dc2 0.649677 36.1508 30.93343 
dc3 0.649587 36.1448 30.94938 
trans4 0.64966 36.1315 30.95362 
trans5 0.423244 16.874 17.64376 
robot 
rotor1 
rotor2 0.0366245 0.923821 1.61651 
tomography 0.13959 1.24453 4.93934 
Kemelmacher 
Kuu 
Muu 0.89752 8.49968 18.66024 
deltaX 5.07767 16.3929 19.47558 
std1_Jac2_db 1.95194 14.3791 17.04373 
std1_Jac2 
std1_Jac3_db 
std1_Jac3 
Zd_Jac2_db 11.2167 19.7919 21.65309 
Zd_Jac2 
Zd_Jac3_db 14.6478 23.906 21.49968 
Zd_Jac3 26.8238 25.0159 34.84563 
Zd_Jac6_db 
Zd_Jac6 
rajat16 
rajat17 0.822532 17.1446 17.07346 
rajat18 0.71404 27.1102 14.61302 
rajat19 
bundle1 11.0421 27.832 22.05948 
benzene 1.63478 11.2594 23.61343 
CO 30.1439 40.6728 35.37070 
Ga10As10H30 
Ga19As19H42 
Ga3As3H12 
Ga41As41H72 
GaAsH6 8.66018 19.5219 44.55504 
Ge87H76 
Ge99H100 24.0397 32.2377 39.57231 
H2O 28.4838 41.4064 27.82032 
Na5 5.61072 28.5708 19.11420 
Si10H16 
Si2 0.0661354 1.30603 2.55557 
Si34H36 
Si41Ge41H72 24.4769 32.6011 35.16092 
Si5H12 
Si87H76 
SiH4 
SiNa 6.71195 15.9305 20.08293 
SiO2 63.1009 61.3312 69.90910 
SiO 
rajat20 
rajat21 1.55108 47.653 33.72525 
rajat22 
rajat23 
rajat24 1.74045 46.826 34.82323 
rajat25 
rajat26 8.46728 35.1088 27.52793 
rajat27 5.8613 19.4767 16.99586 
rajat28 
Sieber 0.73694 2.88784 3.41407 
ex3sta1 
fxm3_6 13.36 12.507 17.53012 
fxm4_6 31.5639 29.375 29.52262 
ins2 
lp1 
lpl1 
mip1 
net100 44.1674 46.4238 45.20463 
net125 
net150 50.382 17.3588 31.64858 
net25 1.88545 9.70501 18.33167 
net4-1 
net50 
net75 
pattern1 20.0479 33.1837 30.87215 
pf2177 16.9577 15.0089 16.99316 
fp 15.4892 28.6414 25.70310 
rajat29 
rajat30 
rajat31 
laminar_duct3D 22.5762 38.0956 36.13412 
Chem97Zt 1.51604 2.95673 9.81780 
Chem97ZtZ 
thermal1 
thermal2 13.9273 23.8784 33.59839 
Kaufhold 
ted_A 
ted_B 
ted_AB 
ted_A_unscaled 13.9483 10.4118 17.98611 
ted_B_unscaled 
ted_AB_unscaled 
F1 
G2_circuit 10.826 18.0689 16.49012 
ckt11752_dc_1 5.33341 14.486 16.07632 
ckt11752_tr_0 
ASIC_100k 0.470295 33.7549 20.05973 
ASIC_100ks 
ASIC_320k 
ASIC_320ks 13.2877 21.2917 22.57692 
ASIC_680k 0.562416 21.9509 29.26344 
ASIC_680ks 
G3_circuit 12.7918 41.2741 26.62045 
apache1 
apache2 
bloweybl 
bloweybq 0.272753 4.69518 10.98100 
cvxqp3 1.06302 8.86592 13.80774 
qpband 
chipcool0 10.1423 16.4441 15.43010 
chipcool1 
filter2D 
filter3D 
flowmeter0 
flowmeter5 3.57056 9.8568 9.48589 
gas_sensor 
gyro 
inlet 10.893 17.6844 28.50798 
LF10000 11.3693 20.8307 17.54938 
LF10 
LFAT5000 
LFAT5 0.00919107 0.0361335 0.02380 
piston 
rail_1357 1.54927 1.57813 2.03332 
rail_20209 
rail_5177 5.89922 6.7397 7.50121 
rail_79841 22.3258 35.662 27.04547 
spiral 
t2dah 
t2dal_bci 6.19111 6.74742 8.08491 
t2dal 
t3dh 70.3684 49.9942 65.90249 
t3dl 
windscreen 44.0289 Sorry, data type 'COMPLEX' is not supported. 
45.48144 
bone010 31.6649 49.1849 51.81594 
boneS01 
boneS10 
California 
Cities 
CSphd 
dictionary28 1.72955 20.3752 15.40761 
divorce 0.00173041 0.0550411 0.06124 
EAT_RS 
EAT_SR 
EPA 
Erdos02 
Erdos971 
Erdos972 1.31045 2.02194 1.85636 
Erdos981 
Erdos982 0.0772945 1.25403 2.18687 
Erdos991 
Erdos992 0.0992913 3.0798 1.81637 
EVA 
FA 0.263391 5.62418 8.99892 
foldoc 1.26063 7.66665 13.41873 
football 
GD00_a 0.00439145 0.0410656 0.07198 
GD00_c 
GD01_a 0.00393633 0.140094 0.08803 
GD01_Acap 0.00588653 0.0559482 0.10063 
GD01_b 0.000237476 0.0266233 0.01040 
GD01_c 
GD02_a 0.00539732 0.0199802 0.03955 
GD02_b 
GD06_Java 
GD06_theory 0.0778126 0.038657 0.07360 
GD95_a 
GD95_b 0.0014388 0.0204647 0.02612 
GD95_c 
GD96_a 
GD96_b 
GD96_c 
GD96_d 0.0178132 0.0216312 0.04723 
GD97_a 0.00185428 0.0811111 0.04897 
GD97_b 0.00102047 0.023628 0.07146 
GD97_c 
GD98_a 
GD98_b 0.00702867 0.0210254 0.08224 
GD98_c 
GD99_b 0.0014691 0.0620797 0.06792 
GD99_c 0.0157241 0.0141396 0.05856 
geom 0.1175 4.25862 3.06129 
GlossGT 0.000729356 0.0259702 0.03162 
HEP-th 
HEP-th-new 
IMDB 
internet 13.2228 21.3982 9.20733 
Journals 
Kohonen 
Lederberg 1.23651 6.28715 6.49176 
NotreDame_actors 10.8762 26.9467 18.79400 
NotreDame_www 
NotreDame_yeast 0.914429 0.933455 0.73173 
ODLIS 
patents_main 20.7162 20.8214 16.63935 
patents 
Ragusa16 
Ragusa18 0.0130093 0.0450511 0.03046 
Reuters911 11.9506 26.7 24.05319 
Roget 
Sandi_authors 0.0537624 0.0596808 0.11870 
Sandi_sandi 0.136764 0.143039 0.15372 
SciMet 1.87355 2.1588 2.39791 
SmaGri 0.830903 1.02941 1.20011 
SmallW 
Stranke94 0.0164746 0.0644478 0.04315 
Tina_AskCal 0.00649347 0.0207404 0.01431 
Tina_AskCog 0.00770063 0.0260212 0.01705 
Tina_DisCal 0.00849877 0.0296287 0.01959 
Tina_DisCog 
USAir97 
USpowerGrid 2.71009 2.97126 2.87179 
Wordnet3 18.8591 13.1942 17.24199 
WorldCities 1.14735 0.860301 1.96349 
yeast 
Zewail 
extr1b 
hydr1c 4.33151 5.33868 5.24330 
c-18 2.47377 2.75213 3.48915 
c-19 2.2854 3.68173 4.92204 
c-20 
c-21 3.31622 4.90769 6.81133 
c-22 3.60552 4.90759 6.34622 
c-23 
c-24 
c-25 4.75034 6.13175 5.55597 
c-26 3.57431 2.53056 4.70927 
c-27 
c-28 
c-29 4.40586 4.92357 5.71418 
c-30 
c-31 
c-32 0.259091 4.08237 8.50012 
c-33 0.308472 4.10165 8.32210 
c-34 0.42587 4.51652 9.19829 
c-35 
c-36 
c-37 0.335797 5.63777 9.28799 
c-38 0.429087 4.98227 10.52194 
c-39 
c-40 
c-41 
c-42 
c-43 0.43252 7.52664 15.11820 
c-44 0.646378 5.97872 10.79794 
c-45 
c-46 
c-47 1.06333 12.8268 20.34876 
c-48 3.05365 10.6016 19.03384 
c-49 
c-50 1.67496 13.0137 21.34442 
c-51 2.25385 13.3397 21.61876 
c-52 
c-53 
c-54 8.18211 15.4559 16.47225 
c-56 
c-57 
c-60 
c-61 
c-65 
c-big 2.98371 32.8359 23.01437 
af_0_k101 
af_1_k101 31.3053 40.5683 34.09761 
af_2_k101 30.8474 47.4857 32.09544 
af_3_k101 30.9926 60.1753 50.23573 
af_4_k101 
af_5_k101 
af_shell10 
c-64b 3.08323 44.7365 34.16357 
c-66b 7.9028 34.9263 27.06475 
c-67b 13.4417 37.9033 28.44512 
c-73b 3.0019 43.2828 34.75936 
conf5_0-4x4-10 
conf5_0-4x4-14 
conf5_0-4x4-18 17.5632 Sorry, data type 'COMPLEX' is not supported. 
20.73689 
conf5_0-4x4-22 18.0653 Sorry, data type 'COMPLEX' is not supported. 
21.51056 
conf5_0-4x4-26 18.0058 Sorry, data type 'COMPLEX' is not supported. 
21.39280 
conf6_0-4x4-20 18.0468 Sorry, data type 'COMPLEX' is not supported. 
21.52997 
conf6_0-4x4-30 
conf5_4-8x8-05 
conf5_4-8x8-10 
conf5_4-8x8-15 
conf5_4-8x8-20 63.5348 Sorry, data type 'COMPLEX' is not supported. 
47.19195 
conf6_0-8x8-20 
conf6_0-8x8-30 
conf6_0-8x8-80 63.6384 Sorry, data type 'COMPLEX' is not supported. 
47.07918 
s1rmq4m1 
s2rmq4m1 28.3004 27.1629 35.85944 
s3rmq4m1 28.3284 27.1876 35.87990 
s1rmt3m1 22.417 21.7393 31.15927 
s2rmt3m1 
s3rmt3m1 
s3rmt3m3 27.9578 20.4201 30.13218 
cryg10000 8.39045 10.8311 10.17110 
cryg2500 0.798696 1.17199 2.34866 
dw2048 
dw8192 0.324737 3.5621 5.77135 
dwa512 0.0127866 0.222058 0.39994 
dwb512 0.00970411 0.225171 0.41087 
dwg961a 0.0206895 Sorry, data type 'COMPLEX' is not supported. 
0.45055 
dwg961b 
mhd1280a 
mhd1280b 
mhd3200a 
mhd3200b 0.907462 1.74157 2.47273 
mhd4800a 
mhd4800b 0.115074 2.3691 4.09579 
qh1484 0.0309453 1.36184 0.81844 
qh768 
rdb1250 1.4066 0.637317 1.13167 
rdb1250l 
rdb200 
rdb200l 0.0369138 0.0977052 0.20215 
rdb2048_noL 0.0539039 1.3397 1.74213 
rdb3200l 0.0933216 1.62871 2.79226 
rdb450 
rdb450l 0.0132437 0.533005 0.35731 
rdb800l 
tols1090 0.66276 0.394629 0.62571 
tols2000 
tols340 0.024813 0.185321 0.35765 
tols4000 
tols90 0.00672 0.0974163 0.29952 
invextr1_new 
mixtank_new 
msdoor 30.7735 38.8619 46.02105 
nug08-3rd 
pds-30 4.58061 12.0605 12.69508 
pds-40 
pds-50 12.7963 13.6199 12.29388 
pds-60 
pds-70 2.66127 11.4856 11.40514 
pds-80 3.8402 11.0037 10.27785 
pds-90 
pds-100 11.403 14.0287 10.56343 
rail507 
rail516 
rail582 1.52791 14.7616 17.40596 
rail2586 10.3333 28.9886 26.09831 
rail4284 16.2979 36.1001 29.89991 
sgpf5y6 
stormG2_1000 
watson_1 
watson_2 26.5948 38.3365 34.22055 
cont11_l 
cont1_l 36.3711 45.3912 41.92266 
fome11 7.55971 13.2446 12.19901 
fome12 11.7809 22.9096 17.30578 
fome13 
fome20 17.1629 26.337 21.03765 
fome21 20.5696 28.457 17.77177 
neos 
neos1 
neos2 
neos3 12.7496 50.2644 33.08291 
spal_004 54.1306 35.4801 38.60518 
gams10am 
gams30am 
gams60am 
gas11 0.14162 0.205595 0.41176 
aa01 0.364576 6.77956 9.67133 
aa03 
aa3 0.303555 3.09932 10.78183 
aa4 0.265237 2.11409 7.72769 
aa5 0.315562 2.76777 10.32895 
aa6 
air02 
air03 
air04 0.278392 2.96848 10.94367 
air05 0.283119 2.11889 8.23287 
air06 
aircraft 0.0816645 2.24131 2.88634 
bas1lp 5.55563 13.8697 17.27500 
baxter 0.501638 8.55399 15.06783 
car4 
cari 
ch 
co5 0.318361 4.51429 7.52937 
co9 0.744569 7.65574 12.48736 
complex 0.265059 2.09681 6.88534 
cq5 0.327144 3.74557 7.26028 
cq9 
cr42 
crew1 0.183053 3.34299 7.30583 
dano3mip 
dbic1 13.5722 27.0941 19.42675 
dbir1 
dbir2 
df2177 
e18 1.48951 11.1897 16.34828 
ex3sta1 
farm 
gams10a 0.00252101 0.0442971 0.09023 
gams30a 0.050935 0.159982 0.22488 
ge 7.6919 3.83996 6.55739 
iiasa 
jendrec1 3.22919 6.79415 12.60621 
kl02 
l9 
lp22 
lpl2 5.11124 4.66619 6.89575 
lpl3 9.82417 15.7873 17.81975 
mod2 
model1 0.502923 0.579253 0.77060 
model2 1.13818 0.960422 1.94106 
model3 3.52602 3.67989 5.52824 
model4 
model5 8.69808 6.76915 16.04071 
model6 
model7 5.28784 7.44054 10.76993 
model8 
model9 7.19819 6.33654 11.82724 
model10 
nemsafm 
nemscem 0.641706 0.819208 0.93091 
nemsemm1 
nemsemm2 5.17884 19.6226 27.23734 
nemspmm1 
nemspmm2 6.13113 6.85046 14.07063 
nemswrld 17.2219 17.0268 27.79418 
nl 5.33987 8.68489 9.66564 
nw14 
p0033 
p0040 0.0239815 0.102179 0.05946 
p010 8.18204 15.9385 19.13061 
p0201 0.325167 0.313422 0.54784 
p0282 
p0291 0.38003 0.369248 0.57808 
p0548 0.299833 0.336784 0.49846 
p05 5.70089 8.61442 11.95227 
p2756 
p6000 
pcb1000 
pcb3000 0.170833 3.52 9.00044 
pf2177 5.31869 15.0223 17.03282 
primagaz 
problem 0.0160355 0.0183803 0.03915 
progas 0.0522108 0.924847 1.28270 
qiulp 0.0224736 0.398751 0.69038 
r05 
refine 
rlfddd 1.09788 10.3903 20.93858 
rlfdual 
rlfprim 9.06631 14.5814 15.36811 
rosen1 
rosen2 0.193269 2.19387 7.70483 
rosen7 0.0317829 0.458926 1.21585 
rosen8 
rosen10 
route 0.820767 12.0501 18.13255 
seymourl 
slptsk 
south31 1.24208 19.6453 11.23452 
stat96v1 
stat96v2 
stat96v3 8.50985 22.4341 36.09393 
stat96v4 
stat96v5 
t0331-4l 2.5583 15.0072 17.24217 
testbig 3.21151 5.66859 9.21076 
ulevimin 0.273342 13.812 13.12260 
us04 
world 0.903137 12.7708 19.85661 
zed 
de063155 
de063157 0.0386448 1.12148 0.69116 
de080285 0.0197255 0.483417 0.72098 
gen1 
gen2 0.312201 4.81689 10.90843 
gen4 
gen 0.270773 2.52185 9.26280 
iprob 0.041026 0.769107 1.34541 
l30 
stoch_aircraft 
cep1 0.209129 0.757042 1.60632 
deter0 0.0601869 2.36028 1.41437 
deter1 0.121019 6.53574 3.96174 
deter2 
deter3 0.183749 8.18573 5.03801 
deter4 0.0722292 3.97707 2.51908 
deter5 0.127271 6.00485 3.50861 
deter6 0.101221 2.5707 2.79257 
deter7 6.02324 3.10497 5.59656 
deter8 
fxm2-6 
fxm2-16 0.442426 5.8208 3.94972 
fxm3_6 0.832139 11.9342 10.23237 
fxm3_16 7.65306 31.6963 15.26225 
fxm4_6 9.11809 13.2978 18.40102 
pgp2 1.29935 1.92576 3.39545 
stormg2-125 
stormg2-27 0.486677 6.84 10.97330 
stormg2-8 0.148884 5.13372 3.39930 
degme 
karted 
tp-6 
ts-palko 1.31301 37.1225 26.26473 
delf 2.78054 2.65642 2.83984 
kleemin 
large 
nsct 
nsic 0.574656 0.669621 0.70089 
nsir 
plddb 
rat 24.5948 22.8477 33.70418 
small 
pltexpa 14.96 26.2021 21.72609 
sc205-2r 14.5162 24.2584 18.88114 
scagr7-2b 
scagr7-2c 1.72055 2.07371 2.10526 
scagr7-2r 
scfxm1-2b 12.0485 20.8553 18.40944 
scfxm1-2r 
scrs8-2b 1.36801 1.71626 1.75899 
scrs8-2c 1.3668 1.17146 1.75286 
scrs8-2r 10.0878 12.2299 11.33849 
scsd8-2b 16.6234 14.1324 19.67435 
scsd8-2c 16.5917 14.1572 19.56991 
scsd8-2r 
sctap1-2b 10.8713 17.9314 16.94657 
sctap1-2c 3.75936 4.35201 5.04202 
sctap1-2r 18.8843 31.8588 26.56820 
wb-cs-stanford 4.27593 7.34855 7.53782 
wb-edu 
wikipedia-20051105 
wikipedia-20060925 
wikipedia-20061104 
wikipedia-20070206 
Dubcova1 
Dubcova2 
Dubcova3 
BenElechi1 
FEM_3D_thermal1 29.1134 25.6743 29.15546 
FEM_3D_thermal2 
parabolic_fem 
chem_master1 20.4056 34.3004 26.88234 
Baumann 
3Dspectralwave 
3Dspectralwave2 
crashbasis 5.25039 32.9945 20.57825 
majorbasis 21.0005 27.8828 20.99628 
ESOC 18.7601 42.2266 39.96101 
F2 20.5161 39.7562 50.14425 
Ill_Stokes 
Raj1 
Chebyshev1 0.0145965 0.448083 0.31112 
Chebyshev2 0.860099 1.38774 3.25930 
Chebyshev3 0.327486 2.69418 5.32439 
Chebyshev4 8.05054 40.9381 46.18054 
viscoplastic1 
viscoplastic2 
psse0 
psse1 
psse2 
light_in_tissue 10.5235 Sorry, data type 'COMPLEX' is not supported. 
16.31912 
hvdc1 5.80602 12.425 17.52259 
hvdc2 4.37668 36.9016 21.07680 
kkt_power 
RFdevice 1.49679 Sorry, data type 'COMPLEX' is not supported. 
13.89951 
fem_filter 5.09603 Sorry, data type 'COMPLEX' is not supported. 
24.82857 
viscorocks 
water_tank 7.2897 27.7577 34.08119 
Rucci1 
ecology1 12.9878 34.5225 32.99896 
ecology2 12.7742 29.8297 33.69124 
Maragal_1 
Maragal_2 
Maragal_3 
Maragal_4 0.153767 4.24713 3.51752 
Maragal_5 0.323749 4.96958 11.93408 
Maragal_6 
Maragal_7 3.798 19.0436 20.83774 
eurqsa 
denormal 11.6236 21.3438 20.98565 
largebasis 
QRpivot 0.0206357 0.847358 0.51963 
photogrammetry 
circuit204 0.140988 0.953336 1.16883 
t2em 
tmt_unsym 
tmt_sym 
vfem 
nlpkkt80 
nlpkkt120 
nlpkkt160 
nlpkkt200 
nlpkkt240 63.776 49.6379 45.72975 
s4dkt3m2 21.9915 67.8385 60.57656 
g3rmt3m3 
t520 
smt 
engine 59.5198 46.4753 60.53212 
plbuckle 4.75696 3.70991 6.94843 
cbuckle 31.1292 32.0591 36.59205 
cyl6 
tube1 
tube2 
t2d_q4 9.59058 14.8888 15.85526 
t2d_q9 9.94719 14.7919 15.83480 
photogrammetry2 6.17833 6.683 8.09976 
2cubes_sphere 43.7747 39.1548 38.39407 
bibd_9_3 0.0438458 0.0519324 0.12200 
bibd_9_5 
bibd_11_5 0.700267 0.459909 1.34040 
bibd_12_4 0.464642 0.291823 0.84116 
bibd_12_5 1.1744 0.75796 2.29145 
bibd_13_6 3.74769 5.02954 6.79777 
bibd_14_7 7.08425 12.6632 16.72878 
bibd_15_3 
bibd_15_7 
bibd_16_8 
bibd_17_3 
bibd_17_4b 
bibd_17_4 2.04992 1.22143 3.73716 
bibd_17_8 24.6601 44.3615 36.71312 
bibd_18_9 
bibd_19_9 
bibd_20_10 47.9318 58.68 30.86919 
bibd_22_8 15.7357 34.4743 28.06453 
bibd_49_3 0.230898 5.23621 6.75565 
bibd_81_2 
bibd_81_3 1.24218 9.4823 19.03876 
CAG_mat1916 3.26629 8.30875 18.07149 
CAG_mat364 
CAG_mat72 
TF10 0.0399712 0.0540588 0.09779 
TF11 
TF12 
TF13 0.0658219 0.86497 1.57969 
TF14 0.195924 1.88795 4.32187 
TF15 
TF16 
TF17 6.39425 16.2165 15.26997 
TF18 6.67522 23.3399 21.03709 
TF19 
Franz1 0.131394 0.484001 0.91532 
Franz2 0.213455 2.02796 2.87752 
Franz3 0.0640068 1.12689 1.54152 
Franz4 
Franz5 
Franz6 
Franz7 0.248209 3.50262 5.40805 
Franz8 
Franz9 
Franz10 
Franz11 5.89583 14.2801 17.60864 
IG5-6 0.0122622 0.0541667 0.10430 
IG5-7 0.00412122 0.0560684 0.08292 
IG5-8 0.00781067 0.126575 0.28232 
IG5-9 0.0239851 0.346344 0.65025 
IG5-10 
IG5-11 
IG5-12 0.281897 2.56271 6.16148 
IG5-13 
IG5-14 
IG5-15 
IG5-16 14.1763 13.8251 16.22396 
IG5-17 
IG5-18 
GL6_D_6 0.0160476 0.539332 0.33699 
GL6_D_7 0.0203741 0.403676 0.87688 
GL6_D_8 0.0422516 0.396872 0.91935 
GL6_D_9 0.0237534 0.32302 0.70851 
GL6_D_10 
GL7d10 4.46428e-05 0.00172687 Trivial dataset
GL7d11 0.0587628 0.135217 0.26133 
GL7d12 
GL7d13 4.35991 12.127 12.80781 
GL7d14 
GL7d15 10.5768 28.1101 19.03401 
GL7d16 
GL7d17 
GL7d18 24.5086 17.6105 14.96564 
GL7d19 11.7496 9.00464 7.71702 
GL7d20 
GL7d21 
GL7d22 
GL7d23 6.28108 12.5938 16.12201 
GL7d24 
GL7d25 
GL7d26 
c8_mat11 28.1025 52.3188 30.54382 
c8_mat11_I 
f855_mat9 1.10355 7.25544 18.43972 
f855_mat9_I 
HFE18_96_in 8.38484 39.4995 24.69180 
rkat7_mat5 
robot24c1_mat5 0.109313 0.72674 2.34057 
robot24c1_mat5_J 0.0767435 0.622571 2.37637 
ch3-3-b1 
ch3-3-b2 
ch4-4-b1 
ch4-4-b2 
ch4-4-b3 
ch5-5-b1 
ch5-5-b2 
ch5-5-b3 
ch5-5-b4 
ch6-6-b1 0.0139289 0.214227 0.12036 
ch6-6-b2 0.0404646 0.641963 1.07855 
ch6-6-b3 
ch6-6-b4 0.201068 2.01645 3.04857 
ch6-6-b5 
ch7-6-b1 0.0126528 0.128102 0.18425 
ch7-6-b2 
ch7-6-b3 
ch7-6-b4 
ch7-6-b5 
ch7-7-b1 0.0207486 0.200464 0.24590 
ch7-7-b2 
ch7-7-b5 1.85697 16.1803 18.64998 
ch7-8-b1 
ch7-8-b2 3.90811 3.07148 4.78250 
ch7-8-b3 
ch7-8-b4 
ch7-8-b5 4.42533 25.5049 16.68263 
ch7-9-b1 
ch7-9-b2 
ch7-9-b3 
ch7-9-b4 
ch7-9-b5 6.4695 30.7918 30.86618 
ch8-8-b1 
ch8-8-b2 
ch8-8-b3 
ch8-8-b4 11.682 37.6121 25.28908 
ch8-8-b5 
cis-n4c6-b1 0.0991425 0.102681 0.10488 
cis-n4c6-b13 
cis-n4c6-b14 
cis-n4c6-b15 0.160819 0.139758 0.27396 
cis-n4c6-b2 0.824173 0.944846 0.96269 
cis-n4c6-b3 
cis-n4c6-b4 
D6-6 23.0416 25.5247 16.58384 
klein-b1 
klein-b2 
lutz30-23-b6 2.10697 2.30279 2.89127 
m133-b3 29.8774 39.9716 26.29714 
mk10-b1 0.31191 0.301109 0.30769 
mk10-b2 
mk10-b3 
mk10-b4 0.879343 1.0154 1.16482 
mk11-b1 
mk11-b2 
mk11-b3 
mk11-b4 8.58094 10.3373 10.41957 
mk11-b4b 
mk12-b1 0.703457 0.707963 0.69355 
mk12-b2 8.15479 8.89502 8.52370 
mk12-b3 23.3041 36.7213 26.12587 
mk12-b4 23.4974 31.5016 24.90994 
mk12-b5 7.70004 11.5331 11.92843 
mk13-b5 25.9636 40.135 26.97455 
mk9-b1 0.178948 0.18193 0.18419 
mk9-b2 0.802482 0.870015 0.90180 
mk9-b3 0.756236 0.874984 0.91676 
n2c6-b10 
n2c6-b1 
n2c6-b2 
n2c6-b3 
n2c6-b4 0.804015 1.3133 2.34854 
n2c6-b5 0.296005 2.64513 4.47431 
n2c6-b6 
n2c6-b7 0.33451 2.52167 4.67721 
n2c6-b8 0.0956667 0.961536 2.02692 
n2c6-b9 0.0182356 0.227586 0.48946 
n3c4-b1 
n3c4-b2 0.000503522 0.0127499 0.01941 
n3c4-b3 0.000321342 0.012818 0.02178 
n3c4-b4 0.00017132 0.00638296 0.00944 
n3c5-b1 
n3c5-b2 
n3c5-b3 
n3c5-b4 0.00970809 0.110363 0.20212 
n3c5-b5 0.00931335 0.108561 0.21196 
n3c5-b6 0.00514724 0.0713065 0.15394 
n3c5-b7 0.00172193 0.0514733 0.06652 
n3c6-b10 
n3c6-b1 0.00142831 0.0214323 0.05739 
n3c6-b11 0.00452845 0.0511082 0.12458 
n3c6-b2 
n3c6-b3 0.0565393 0.504795 0.88811 
n3c6-b4 
n3c6-b5 
n3c6-b6 0.433804 3.64759 6.33073 
n3c6-b7 0.369137 3.96628 7.19579 
n3c6-b8 0.331194 3.35571 6.96136 
n3c6-b9 0.265392 1.86568 3.75945 
n4c5-b10 0.0106665 0.096842 0.23654 
n4c5-b1 0.00149801 0.0230704 0.06393 
n4c5-b11 
n4c5-b2 
n4c5-b3 
n4c5-b4 0.119573 1.32158 2.21813 
n4c5-b5 0.174037 2.27414 3.90861 
n4c5-b6 
n4c5-b7 
n4c5-b8 0.118561 1.3085 2.77224 
n4c5-b9 0.0409652 0.506473 0.89524 
n4c6-b10 5.27411 39.4004 23.21709 
n4c6-b11 3.72898 28.8512 18.34578 
n4c6-b1 0.0192299 0.0447618 0.07123 
n4c6-b12 5.03759 13.3876 15.90634 
n4c6-b13 
n4c6-b14 0.0798068 0.930144 2.37961 
n4c6-b15 0.00630915 0.0636229 0.18874 
n4c6-b2 0.0319018 0.35795 0.60824 
n4c6-b3 
n4c6-b4 
n4c6-b5 
n4c6-b6 2.26207 18.8156 17.70197 
n4c6-b7 
n4c6-b8 
n4c6-b9 10.6406 39.025 20.11554 
shar_te2-b1 0.401678 2.97256 4.60449 
shar_te2-b2 7.93036 38.0374 15.59819 
shar_te2-b3 13.2261 31.5752 18.10102 
case39 
Trec3 
Trec4 9.0147e-05 0.00211518 0.00138 
Trec5 
Trec6 
Trec7 0.013339 0.113714 0.07590 
Trec8 
Trec9 0.325325 0.190941 0.58139 
Trec10 
Trec11 
Trec12 15.1701 23.57 23.80681 
Trec13 42.0545 37.9513 31.91369 
Trec14 80.1444 63.9337 46.29078 
cat_ears_2_1 
cat_ears_2_4 1.34396 1.5298 1.96958 
cat_ears_3_1 0.1144 0.129676 0.13995 
cat_ears_3_4 6.54186 7.27118 8.43335 
cat_ears_4_1 
cat_ears_4_4 
flower_4_1 
flower_4_4 
flower_5_1 0.124332 0.142976 0.15362 
flower_5_4 6.9442 7.67809 9.15025 
flower_7_1 0.249204 0.275196 0.29132 
flower_7_4 15.1441 29.8018 23.68769 
flower_8_1 
flower_8_4 
kneser_10_4_1 
kneser_6_2_1 0.402878 0.469201 0.50111 
kneser_8_3_1 8.66997 9.50408 8.95162 
wheel_3_1 0.0152429 0.0553157 0.03736 
wheel_4_1 
wheel_5_1 
wheel_601 25.3807 28.6083 26.32343 
wheel_6_1 0.0514423 0.0602739 0.12850 
wheel_7_1 0.0694094 0.0821508 0.08614 
rel3 
rel4 
rel5 0.153208 0.0714604 0.11490 
rel6 0.0414753 0.448526 0.81144 
rel7 
rel8 
rel9 27.7341 4.01626 16.84785 
relat3 
relat4 0.00476338 0.0175331 0.04678 
relat5 
relat6 
relat7b 
relat7 
relat8 
relat9 
D_5 0.0100971 0.161486 0.31338 
D_6 
D_7 
D_8 
D_9 1.92662 0.828448 2.02088 
D_10 0.0703871 0.465901 1.37187 
D_11 
08blocks 
EX1 0.107706 0.587187 1.56251 
EX2 
EX3 
EX4 
EX5 
EX6 4.19562 12.4139 19.78981 
abtaha2 
abtaha1 
Trefethen_20b 
Trefethen_20 
Trefethen_150 0.137106 0.155579 0.33407 
Trefethen_200b 0.0524089 0.21072 0.58271 
Trefethen_200 0.0453067 0.186233 0.47896 
Trefethen_300 0.0292751 0.316595 0.82722 
Trefethen_500 
Trefethen_700 0.0732139 0.819345 2.24890 
Trefethen_2000 
Trefethen_20000b 7.35864 14.4496 17.16052 
Trefethen_20000 3.67616 14.4237 17.09141 
case9 0.639435 9.85572 16.93619 
mono_500Hz 
Freescale1 
Maragal_8 3.81414 16.7134 20.74353 
sls 12.8866 34.2484 32.53995 
TSOPF_RS_b2383 
TSOPF_FS_b300 
TSOPF_FS_b162_c1 2.98384 22.727 34.40026 
TSOPF_FS_b162_c3 8.5777 61.9146 47.91771 
TSOPF_FS_b162_c4 8.64911 65.647 50.49354 
TSOPF_FS_b300_c1 
TSOPF_FS_b300_c2 56.8405 77.6616 77.50937 
TSOPF_FS_b300_c3 58.2036 81.1863 79.96842 
TSOPF_FS_b39_c19 4.21379 58.7284 45.19237 
TSOPF_FS_b39_c30 4.19795 57.3752 57.61398 
TSOPF_FS_b39_c7 
TSOPF_FS_b9_c1 
TSOPF_FS_b9_c6 
TSOPF_RS_b162_c1 0.724908 8.77915 19.43648 
TSOPF_RS_b162_c3 
TSOPF_RS_b162_c4 
TSOPF_RS_b2052_c1 32.0646 37.3427 37.78059 
TSOPF_RS_b2383_c1 30.7174 46.0598 41.52173 
TSOPF_RS_b300_c1 7.38948 26.4873 28.16951 
TSOPF_RS_b300_c2 8.44833 27.1951 30.74341 
TSOPF_RS_b300_c3 
TSOPF_RS_b39_c19 
TSOPF_RS_b39_c30 
TSOPF_RS_b39_c7 
TSOPF_RS_b678_c1 
TSOPF_RS_b678_c2 20.005 34.1406 40.95079 
TSOPF_RS_b9_c6 0.587171 4.24884 8.13369 
fem_hifreq_circuit 
connectus 1.33366 31.3175 22.18234 
image_interp 3.58066 16.5676 14.07772 
mesh_deform 
130bit 
145bit 0.398132 0.725341 1.91301 
162bit 6.2556 2.92515 5.79738 
176bit 1.00932 5.4986 11.05748 
192bit 
208bit 
TS 
thermomech_TC 
thermomech_TK 6.22293 21.4749 16.54761 
thermomech_dM 30.1139 37.0881 30.06027 
thermomech_dK 
shallow_water1 
shallow_water2 27.1393 31.1841 22.48975 
12month1 
tomographic1 
atmosmodd 
atmosmodj 
atmosmodl 38.4286 59.5257 52.60843 
atmosmodm 
ABACUS_shell_ud 
ABACUS_shell_ld 
ABACUS_shell_md 
ABACUS_shell_hd 21.096 Sorry, data type 'COMPLEX' is not supported. 
28.80778 
LargeRegFile 
memchip 
transient 
circuit5M 2.2605 30.2358 36.01964 
circuit5M_dc 31.0802 46.2287 45.81502 
poli3 3.46159 7.83512 7.42783 
poli4 
human_gene1 
human_gene2 
mouse_gene 30.248 34.1003 22.10640 
offshore 16.0257 23.0986 23.26416 
soc-Epinions1 
soc-LiveJournal1 
soc-Slashdot0811 6.75595 29.9631 14.90011 
soc-Slashdot0902 
wiki-Vote 
email-EuAll 1.69792 9.24845 9.78402 
email-Enron 2.06165 21.3287 13.90192 
wiki-Talk 0.866889 10.7702 7.37691 
cit-HepPh 
cit-HepTh 
cit-Patents 7.54083 6.71768 5.80094 
ca-AstroPh 6.16738 11.5651 13.25334 
ca-CondMat 8.07525 11.3039 12.49199 
ca-GrQc 
ca-HepPh 
ca-HepTh 0.880637 4.28594 5.69169 
web-BerkStan 13.9997 41.27 29.97101 
web-Google 
web-NotreDame 8.89047 34.5576 19.80809 
web-Stanford 
amazon0302 
amazon0312 8.14636 19.0946 22.30939 
amazon0505 
amazon0601 
p2p-Gnutella04 0.994634 7.75881 5.63218 
p2p-Gnutella05 
p2p-Gnutella06 0.604453 5.99519 4.56768 
p2p-Gnutella08 3.8012 4.21007 4.52092 
p2p-Gnutella09 
p2p-Gnutella24 8.35642 11.1716 10.88821 
p2p-Gnutella25 
p2p-Gnutella30 
p2p-Gnutella31 18.0203 23.6741 17.17744 
roadNet-CA 31.2207 43.7773 38.92107 
roadNet-PA 
roadNet-TX 30.3205 41.8716 37.93703 
as-735 1.27974 5.0567 5.63590 
as-Skitter 26.9186 30.3076 38.40647 
as-caida 3.27628 17.4913 16.30219 
Oregon-1 1.55396 8.45102 9.12424 
Oregon-2 
soc-sign-epinions 
soc-sign-Slashdot081106 19.7977 26.5271 20.60199 
soc-sign-Slashdot090216 
soc-sign-Slashdot090221 21.9431 26.6543 21.24691 
gsm_106857 
flickr 
minnesota 
usroads-48 14.4776 13.7181 11.17879 
usroads 
DK01R 0.0870611 0.828744 1.87448 
GT01R 6.5413 18.9798 18.50807 
PR02R 31.2844 36.4175 42.62113 
RM07R 
ww_36_pmec_36 
ww_vref_6405 
xingo_afonso_itaipu 5.68248 4.43501 7.10941 
mimo8x8_system 0.680909 4.45336 6.84028 
mimo28x28_system 0.925138 4.20049 6.74682 
mimo46x46_system 
juba40k 
bauru5727 
zeros_nopss_13k 
descriptor_xingo6u 2.42029 6.4472 9.61050 
nopss_11k 
xingo3012 
bips98_606 3.46604 3.0943 5.13954 
bips98_1142 
bips98_1450 
bips07_1693 0.966208 4.2216 6.80657 
bips07_1998 
bips07_2476 2.07343 6.1165 9.12393 
bips07_3078 
M10PI_n1 0.0778908 0.117037 0.21796 
M20PI_n1 
M40PI_n1 
M80PI_n1 
M10PI_n 0.0202212 0.146044 0.28004 
M20PI_n 
M40PI_n 
M80PI_n 
S10PI_n1 
S20PI_n1 
S40PI_n1 
S80PI_n1 
S10PI_n 0.0269105 0.155374 0.27177 
S20PI_n 0.0252284 0.27727 0.46575 
S40PI_n 
S80PI_n 0.101223 0.910037 1.56951 
pdb1HYS 
consph 14.45 30.5382 45.80589 
cant 10.1794 39.4491 34.29479 
mac_econ_fwd500 
mc2depi 
cop20k_A 
webbase-1M 5.99131 32.2314 22.26036 
FullChip 1.05622 33.5766 49.07185 
EternityII_E 
EternityII_Etilde 39.1404 35.9445 31.11288 
EternityII_A 
HV15R 46.7699 43.0086 81.46811 
dielFilterV2clx 
dielFilterV2real 
dielFilterV3clx 63.5207 Sorry, data type 'COMPLEX' is not supported. 
73.77632 
dielFilterV3real 
adjnoun 0.144991 0.174169 0.23024 
as-22july06 
astro-ph 20.1195 27.4527 20.40453 
celegansneural 
cond-mat 0.829125 15.2683 10.03987 
cond-mat-2003 1.3042 13.2537 17.60135 
cond-mat-2005 
dolphins 
football 
hep-th 
karate 0.00094035 0.0175813 0.04199 
lesmis 0.0280569 0.0471119 0.11290 
netscience 0.0391213 1.14784 0.76253 
polblogs 
polbooks 
power 2.44639 1.16326 1.92884 
PGPgiantcompo 
jazz 
celegans_metabolic 0.101835 0.753284 0.59266 
email 0.0438678 0.793651 1.65684 
3elt 
3elt_dual 
airfoil1 2.29565 2.25602 4.09598 
airfoil1_dual 0.336488 3.0957 2.95651 
big_dual 0.417285 18.1263 9.15697 
crack 
crack_dual 
grid1 
grid1_dual 
grid2 0.466802 1.12965 2.17449 
grid2_dual 
netz4504 
netz4504_dual 
ukerbe1 
ukerbe1_dual 0.0396261 1.62825 0.94600 
whitaker3 0.221983 11.5567 6.97711 
whitaker3_dual 
brack2 
wave 19.9985 25.9039 24.32859 
diag 
L 
L-9 0.330836 6.20694 8.69125 
stufe 0.0200155 0.868811 0.52930 
stufe-10 0.445853 7.83779 11.01351 
biplane-9 
shock-9 0.763497 14.1534 14.46653 
bfly 
cage 
cca 
ccc 0.800013 12.7454 13.85832 
debr 
se 0.64744 8.12233 10.69846 
cnr-2000 
in-2004 22.2632 51.1687 41.50731 
eu-2005 
enron 
amazon-2008 13.7502 26.4378 27.11894 
ljournal-2008 
hollywood-2009 68.0705 50.8788 51.19141 
dblp-2010 
webbase-2001 23.3005 CUDA error at main.cu:45 code=2(cudaErrorMemoryAllocation) "cudaMalloc((void **)&d_csrValA, nnzA * sizeof(VALUE_TYPE))" 
CUDA error 2 [./cub/util_allocator.cuh, 437]: out of memory
CUDA error 2 [./cub/util_allocator.cuh, 478]: out of memory
CUDA error 2 [gpu_spmv.cu, 548]: out of memory
uk-2002 40.7343 67.7833 36.64202 
indochina-2004 
it-2004 36.9743 CUDA error at main.cu:45 code=2(cudaErrorMemoryAllocation) "cudaMalloc((void **)&d_csrValA, nnzA * sizeof(VALUE_TYPE))" 
CUDA error 2 [./cub/util_allocator.cuh, 437]: out of memory
CUDA error 2 [./cub/util_allocator.cuh, 478]: out of memory
CUDA error 2 [gpu_spmv.cu, 548]: out of memory
arabic-2005 
sk-2005 cudaCheckError() failed at src/SpMV.cu:173 : out of memory
CUDA error at main.cu:45 code=2(cudaErrorMemoryAllocation) "cudaMalloc((void **)&d_csrValA, nnzA * sizeof(VALUE_TYPE))" 
CUDA error 2 [./cub/util_allocator.cuh, 437]: out of memory
CUDA error 2 [./cub/util_allocator.cuh, 478]: out of memory
CUDA error 2 [gpu_spmv.cu, 546]: out of memory
uk-2005 35.9283 CUDA error at main.cu:45 code=2(cudaErrorMemoryAllocation) "cudaMalloc((void **)&d_csrValA, nnzA * sizeof(VALUE_TYPE))" 
CUDA error 2 [./cub/util_allocator.cuh, 437]: out of memory
CUDA error 2 [./cub/util_allocator.cuh, 478]: out of memory
CUDA error 2 [gpu_spmv.cu, 548]: out of memory
caidaRouterLevel 
chesapeake 0.0072668 0.0302353 0.13659 
road_central 
road_usa 25.697 13.5499 16.48810 
citationCiteseer 
coAuthorsCiteseer 4.65913 19.2951 19.28733 
coAuthorsDBLP 
coPapersCiteseer 31.9113 47.162 74.30085 
coPapersDBLP 
delaunay_n10 1.11272 1.18324 1.47290 
delaunay_n11 
delaunay_n12 4.23676 5.02234 5.55848 
delaunay_n13 
delaunay_n14 
delaunay_n15 19.8403 33.4543 26.65582 
delaunay_n16 
delaunay_n17 26.0573 40.7389 28.64275 
delaunay_n18 29.2537 46.8296 33.84077 
delaunay_n19 31.6479 46.5923 43.27769 
delaunay_n20 32.8213 46.0308 CUDA error 700 [./cub/device/dispatch/dispatch_spmv_orig.cuh, 715]: an illegal memory access was encountered
CUDA error 700 [./cub/device/dispatch/dispatch_spmv_orig.cuh, 786]: an illegal memory access was encountered
CUDA error 700 [gpu_spmv.cu, 429]: an illegal memory access was encountered
delaunay_n21 33.6977 45.7598 CUDA error 700 [./cub/device/dispatch/dispatch_spmv_orig.cuh, 715]: an illegal memory access was encountered
CUDA error 700 [./cub/device/dispatch/dispatch_spmv_orig.cuh, 786]: an illegal memory access was encountered
CUDA error 700 [gpu_spmv.cu, 429]: an illegal memory access was encountered
delaunay_n22 33.6661 45.3109 inf CUDA error 700 [./cub/util_allocator.cuh, 594]: an illegal memory access was encountered
CUDA error 700 [gpu_spmv.cu, 585]: an illegal memory access was encountered
delaunay_n23 19.1343 26.3119 inf CUDA error 700 [./cub/util_allocator.cuh, 594]: an illegal memory access was encountered
CUDA error 700 [gpu_spmv.cu, 585]: an illegal memory access was encountered
delaunay_n24 
hugebubbles-00000 
hugebubbles-00010 
hugebubbles-00020 12.4983 7.9246 9.09150 
hugetrace-00000 15.3781 12.4345 15.41364 
hugetrace-00010 18.6966 20.0648 23.39293 
hugetrace-00020 
hugetric-00000 
hugetric-00010 
hugetric-00020 
kron_g500-logn16 
kron_g500-logn17 
kron_g500-logn18 
kron_g500-logn19 
kron_g500-logn20 
kron_g500-logn21 
adaptive 
channel-500x100x100-b050 
packing-500x100x100-b050 
venturiLevel3 
rgg_n_2_15_s0 
rgg_n_2_16_s0 
rgg_n_2_17_s0 
rgg_n_2_18_s0 38.7649 49.3453 49.61155 
rgg_n_2_19_s0 41.8003 50.5108 51.90796 
rgg_n_2_20_s0 
rgg_n_2_21_s0 43.9927 46.6698 CUDA error 700 [./cub/device/dispatch/dispatch_spmv_orig.cuh, 715]: an illegal memory access was encountered
CUDA error 700 [./cub/device/dispatch/dispatch_spmv_orig.cuh, 786]: an illegal memory access was encountered
CUDA error 700 [gpu_spmv.cu, 429]: an illegal memory access was encountered
rgg_n_2_22_s0 
rgg_n_2_23_s0 44.7956 43.8075 inf CUDA error 700 [./cub/util_allocator.cuh, 594]: an illegal memory access was encountered
CUDA error 700 [gpu_spmv.cu, 585]: an illegal memory access was encountered
rgg_n_2_24_s0 
asia_osm 
belgium_osm 
europe_osm 
germany_osm 
great-britain_osm 
italy_osm 
luxembourg_osm 23.3009 25.0189 18.63302 
netherlands_osm 45.152 32.4279 31.47449 
144 24.3884 17.8944 18.69140 
598a 11.963 14.5217 16.38296 
auto 
cs4 
cti 5.35237 8.50305 13.48173 
data 
fe_4elt2 
fe_body 
fe_ocean 
fe_rotor 8.29034 26.8686 21.32471 
fe_sphere 1.18366 11.9059 10.43140 
fe_tooth 
m14b 24.0821 32.6724 25.76900 
t60k 19.2051 31.0136 14.94305 
uk 0.0838915 3.08414 1.69725 
wing 
wing_nodal 6.31338 9.5931 12.45272 
HTC_336_4438 
HTC_336_9129 
OPF_10000 
OPF_3754 
OPF_6000 
TSC_OPF_1047 12.6993 44.0307 34.92802 
TSC_OPF_300 
Serena 49.3453 39.1763 36.89620 
Emilia_923 
Fault_639 38.5314 46.8391 52.77492 
Flan_1565 
Geo_1438 84.7304 66.8586 71.24418 
Hook_1498 
StocF-1465 
Cube_Coup_dt0 43.075 42.7778 38.74584 
Cube_Coup_dt6 
Long_Coup_dt0 
Long_Coup_dt6 
N_biocarta 
N_pid 
N_reactome 
Chevron1 
Chevron2 14.0127 Sorry, data type 'COMPLEX' is not supported. 
23.08644 
Chevron3 
Chevron4 38.4242 Sorry, data type 'COMPLEX' is not supported. 
54.81713 
cz148 
cz308 0.520975 0.579839 0.82185 
cz628 1.03433 1.15173 1.58234 
cz1268 
cz2548 
cz5108 8.09277 9.10233 10.70980 
cz10228 11.1208 17.7772 17.73651 
cz20468 
cz40948 
FX_March2010 12.6096 24.1469 29.53656 
CurlCurl_0 12.0521 19.5769 19.20293 
CurlCurl_1 38.7126 60.4329 41.92215 
CurlCurl_2 44.5299 64.3822 58.49622 
CurlCurl_3 
CurlCurl_4 
G_n_pin_pout 26.4516 31.8395 27.33534 
preferentialAttachment 22.7478 28.9292 23.78911 
smallworld 3.23483 21.1743 20.74558 
333SP 
AS365 
M6 10.7372 7.43423 8.13203 
NACA0015 14.6598 13.6366 11.20757 
NLR 
ak2010 1.28455 32.211 15.51328 
al2010 9.5735 25.8626 15.20931 
ar2010 11.0604 27.3628 14.98989 
az2010 
ca2010 
co2010 
ct2010 2.79168 13.6325 12.30059 
de2010 0.561466 20.4764 10.27041 
fl2010 
ga2010 
hi2010 0.901487 17.157 9.00739 
ia2010 
id2010 
il2010 13.3998 28.2342 16.72045 
in2010 
ks2010 
ky2010 
la2010 
ma2010 
md2010 
me2010 8.4496 12.7876 12.97956 
mi2010 10.3705 27.8105 17.38843 
mn2010 4.94834 15.3986 16.12682 
mo2010 4.58937 16.5276 17.43448 
ms2010 12.1703 14.369 14.44047 
mt2010 11.1627 13.4165 14.11049 
nc2010 12.7946 27.5157 16.87479 
nd2010 9.23346 13.9172 14.28462 
ne2010 
nh2010 1.62563 12.9352 16.10541 
nj2010 
nm2010 
nv2010 4.46668 13.7041 11.67988 
ny2010 4.61649 16.1637 17.17328 
oh2010 5.14646 23.7865 17.80485 
ok2010 3.97725 15.9757 15.88519 
or2010 
pa2010 5.40034 17.3752 17.82859 
ri2010 13.0778 17.5457 12.78030 
sc2010 8.96794 26.6385 17.05674 
sd2010 7.46704 15.7834 14.78202 
tn2010 
tx2010 
ut2010 19.5803 29.2542 20.66712 
va2010 22.8276 35.8885 27.97614 
vt2010 15.66 26.1601 19.41882 
wa2010 21.3852 32.5615 24.31387 
wi2010 
wv2010 
wy2010 20.2319 29.5578 18.43010 
vsp_barth5_1Ksep_50in_5Kout 15.2557 28.2117 20.43528 
vsp_bcsstk30_500sep_10in_1Kout 40.0977 34.1667 36.83291 
vsp_befref_fxm_2_4_air02 10.5521 27.7805 24.57872 
vsp_bump2_e18_aa01_model1_crew1 20.3431 34.3395 24.18011 
vsp_c-30_data_data 6.22344 17.7475 20.87394 
vsp_c-60_data_cti_cs4 11.7281 35.6095 22.57126 
vsp_data_and_seymourl 11.2979 17.4435 18.27014 
vsp_finan512_scagr7-2c_rlfddd 27.7301 39.9892 30.76749 
vsp_mod2_pgp2_slptsk 15.9012 31.3384 25.84156 
vsp_model1_crew1_cr42_south31 3.43455 26.8709 22.88575 
vsp_msc10848_300sep_100in_1Kout 44.067 42.2467 33.24309 
vsp_p0291_seymourl_iiasa 4.48102 8.18464 14.02510 
vsp_sctap1-2b_and_seymourl 1.82066 22.0184 16.19383 
vsp_south31_slptsk 1.34 12.654 14.93974 
vsp_vibrobox_scagr7-2c_rlfddd 
CoupCons3D 33.391 39.5352 42.54577 
ML_Laplace 31.6858 58.5671 39.07210 
Transport 25.5978 64.1897 59.10808 
ML_Geer 
Delor64K 26.607 30.9035 28.22449 
Delor295K 
Delor338K 
Linux_call_graph 23.1722 34.3874 27.78004 
LeGresley_2508 2.84839 3.33206 3.87333 
LeGresley_4908 
LeGresley_87936 23.0373 36.7291 27.46466 
specular 73.599 77.0722 59.46030 
Bump_2911 
Queen_4147 
Sebe 
Freescale2 
MISKnowledgeMap 8.33387 6.74909 11.37492 
bundle_adj 24.6484 35.0345 38.32410 
dynamicSoaringProblem_1 0.0284888 0.973242 0.74716 
dynamicSoaringProblem_2 
dynamicSoaringProblem_3 0.532502 2.19357 4.93285 
dynamicSoaringProblem_4 
dynamicSoaringProblem_5 
dynamicSoaringProblem_6 0.139028 4.21708 4.83284 
dynamicSoaringProblem_7 1.79337 2.73615 5.81117 
dynamicSoaringProblem_8 0.585572 6.31227 4.76054 
freeFlyingRobot_1 
freeFlyingRobot_2 1.24135 0.85848 2.03082 
freeFlyingRobot_3 0.0933441 2.45517 1.75915 
freeFlyingRobot_4 1.41776 1.50091 3.03310 
freeFlyingRobot_5 0.373486 4.43565 3.15505 
freeFlyingRobot_6 2.55802 2.60362 4.40631 
freeFlyingRobot_7 0.869913 4.69887 3.75050 
freeFlyingRobot_8 
freeFlyingRobot_9 2.90468 7.08931 5.05467 
freeFlyingRobot_10 0.139415 6.85254 4.91876 
freeFlyingRobot_11 2.8553 3.17814 5.62287 
freeFlyingRobot_12 2.90078 5.0435 5.29737 
freeFlyingRobot_13 
freeFlyingRobot_14 1.75955 3.25256 6.84073 
freeFlyingRobot_15 0.216507 8.07142 5.61634 
freeFlyingRobot_16 
goddardRocketProblem_1 
goddardRocketProblem_2 0.264921 0.672715 1.64428 
hangGlider_1 
hangGlider_2 0.108063 2.60856 2.09631 
hangGlider_3 
hangGlider_4 0.383224 8.77776 17.55092 
hangGlider_5 1.04402 9.13682 18.47884 
kineticBatchReactor_1 
kineticBatchReactor_2 
kineticBatchReactor_3 0.324863 4.72556 7.24770 
kineticBatchReactor_4 0.360433 5.63609 10.67892 
kineticBatchReactor_5 0.430468 5.77498 10.99548 
kineticBatchReactor_6 
kineticBatchReactor_7 
kineticBatchReactor_8 0.329497 6.07743 10.98724 
kineticBatchReactor_9 
lowThrust_1 
lowThrust_2 
lowThrust_3 
lowThrust_4 1.72904 8.9662 15.58162 
lowThrust_5 
lowThrust_6 
lowThrust_7 1.5435 14.175 20.81048 
lowThrust_8 1.07703 13.9284 23.03849 
lowThrust_9 
lowThrust_10 
lowThrust_11 1.48968 14.5143 22.98410 
lowThrust_12 2.21201 14.3599 20.27736 
lowThrust_13 2.33646 13.8045 19.07925 
orbitRaising_1 
orbitRaising_2 
orbitRaising_3 
orbitRaising_4 
reorientation_1 0.0437599 0.850822 1.02845 
reorientation_2 0.0668578 2.75217 2.37345 
reorientation_3 
reorientation_4 0.108108 3.69092 4.37687 
reorientation_5 0.119198 2.53028 6.85321 
reorientation_6 
reorientation_7 0.482506 4.88117 6.73406 
reorientation_8 0.712434 4.96582 6.77335 
spaceShuttleEntry_1 
spaceShuttleEntry_2 0.719077 3.50709 4.22042 
spaceShuttleEntry_3 0.926524 4.32233 6.58519 
spaceShuttleEntry_4 1.82765 5.77557 8.90055 
spaceStation_1 0.155326 0.17491 0.25213 
spaceStation_2 0.914039 0.826626 1.51205 
spaceStation_3 0.828933 0.918165 1.29329 
spaceStation_4 2.06958 2.12979 3.36250 
spaceStation_5 2.32434 2.35476 3.77085 
spaceStation_6 
spaceStation_7 2.73579 2.2646 4.24158 
spaceStation_8 
spaceStation_9 
spaceStation_10 2.7168 2.83892 4.24347 
spaceStation_11 2.87039 3.04597 4.48857 
spaceStation_12 
spaceStation_13 
spaceStation_14 3.16057 3.76786 5.58613 
tumorAntiAngiogenesis_1 0.278117 0.328897 0.46884 
tumorAntiAngiogenesis_2 0.302687 0.50143 0.69658 
tumorAntiAngiogenesis_3 
tumorAntiAngiogenesis_4 0.471886 0.819041 1.13710 
tumorAntiAngiogenesis_5 0.481624 0.848612 1.18936 
tumorAntiAngiogenesis_6 0.491311 0.853942 1.22565 
tumorAntiAngiogenesis_7 0.465023 0.809623 1.17254 
tumorAntiAngiogenesis_8 
iChem_Jacobian 
JP 25.7698 30.7368 25.82209 
